{"meta": {"format": 3, "version": "7.14.3", "timestamp": "2026-06-30T21:44:33.100899", "branch_coverage": false, "show_contexts": false}, "files": {"guardian/__init__.py": {"executed_lines": [8], "summary": {"covered_lines": 1, "num_statements": 1, "percent_covered": 100.0, "percent_covered_display": "100", "missing_lines": 0, "excluded_lines": 0, "percent_statements_covered": 100.0, "percent_statements_covered_display": "100"}, "missing_lines": [], "excluded_lines": [], "functions": {"": {"executed_lines": [8], "summary": {"covered_lines": 1, "num_statements": 1, "percent_covered": 100.0, "percent_covered_display": "100", "missing_lines": 0, "excluded_lines": 0, "percent_statements_covered": 100.0, "percent_statements_covered_display": "100"}, "missing_lines": [], "excluded_lines": [], "start_line": 1}}, "classes": {"": {"executed_lines": [8], "summary": {"covered_lines": 1, "num_statements": 1, "percent_covered": 100.0, "percent_covered_display": "100", "missing_lines": 0, "excluded_lines": 0, "percent_statements_covered": 100.0, "percent_statements_covered_display": "100"}, "missing_lines": [], "excluded_lines": [], "start_line": 1}}}, "guardian/analyze.py": {"executed_lines": [11, 13, 14, 15, 16, 17, 19, 20, 22, 39, 50, 51, 58, 59, 67, 70, 75, 85, 89, 94, 96, 104, 122, 124, 125, 127, 128, 131, 132, 133, 134, 135, 138, 141, 142, 144, 145, 146, 148, 149, 150, 151, 152, 153, 155, 156, 158, 170, 171, 172, 174, 175, 176, 177, 179, 180, 182, 199, 201, 202, 203, 204, 205, 208, 210, 211, 214, 216, 217, 226, 235, 236, 237, 238, 239, 244, 246, 247, 248, 252, 257, 259, 260, 261, 262, 263, 264, 265, 275, 308, 314, 324, 325, 326, 328, 329, 331, 332, 336, 337, 340, 341, 342, 343, 344, 345, 346, 347, 351, 362, 363, 364, 365, 376, 377, 379, 387, 404, 405, 407, 413, 423, 424, 429, 430, 432, 433, 437, 438, 439, 440, 441, 442, 450, 458, 490, 491, 493, 500, 511, 512, 513, 515, 516, 518, 519, 521, 528, 539, 540, 542, 549, 560, 561, 564, 565, 567, 570, 579, 592, 601, 602, 603, 604, 607, 608, 611, 612, 615, 616, 617, 618, 620, 621, 624, 632, 640, 675, 676, 679, 688, 697, 700, 703, 706, 716, 730, 736, 737, 738, 739, 740, 741, 744, 755, 756, 760, 765, 775], "summary": {"covered_lines": 199, "num_statements": 211, "percent_covered": 94.31279620853081, "percent_covered_display": "94", "missing_lines": 12, "excluded_lines": 0, "percent_statements_covered": 94.31279620853081, "percent_statements_covered_display": "94"}, "missing_lines": [136, 212, 218, 245, 249, 333, 339, 425, 434, 562, 568, 622], "excluded_lines": [], "functions": {"_render": {"executed_lines": [59], "summary": {"covered_lines": 1, "num_statements": 1, "percent_covered": 100.0, "percent_covered_display": "100", "missing_lines": 0, "excluded_lines": 0, "percent_statements_covered": 100.0, "percent_statements_covered_display": "100"}, "missing_lines": [], "excluded_lines": [], "start_line": 58}, "analyze_diff": {"executed_lines": [122, 124, 125, 127, 128, 131, 132, 133, 134, 135, 138, 141, 142, 144, 145, 146, 148, 149, 150, 151, 152, 153, 155, 156, 158, 170, 171, 172, 174, 175, 176, 177, 179, 180, 182], "summary": {"covered_lines": 35, "num_statements": 36, "percent_covered": 97.22222222222223, "percent_covered_display": "97", "missing_lines": 1, "excluded_lines": 0, "percent_statements_covered": 97.22222222222223, "percent_statements_covered_display": "97"}, "missing_lines": [136], "excluded_lines": [], "start_line": 104}, "_extract_imports": {"executed_lines": [201, 202, 203, 204, 205], "summary": {"covered_lines": 5, "num_statements": 5, "percent_covered": 100.0, "percent_covered_display": "100", "missing_lines": 0, "excluded_lines": 0, "percent_statements_covered": 100.0, "percent_statements_covered_display": "100"}, "missing_lines": [], "excluded_lines": [], "start_line": 199}, "_extract_dep_name": {"executed_lines": [210, 211, 214, 216, 217], "summary": {"covered_lines": 5, "num_statements": 7, "percent_covered": 71.42857142857143, "percent_covered_display": "71", "missing_lines": 2, "excluded_lines": 0, "percent_statements_covered": 71.42857142857143, "percent_statements_covered_display": "71"}, "missing_lines": [212, 218], "excluded_lines": [], "start_line": 208}, "_call_llm": {"executed_lines": [235, 236, 237, 238, 239, 244, 246, 247, 248], "summary": {"covered_lines": 9, "num_statements": 11, "percent_covered": 81.81818181818181, "percent_covered_display": "82", "missing_lines": 2, "excluded_lines": 0, "percent_statements_covered": 81.81818181818181, "percent_statements_covered_display": "82"}, "missing_lines": [245, 249], "excluded_lines": [], "start_line": 226}, "_parse_json_response": {"executed_lines": [257, 259, 260, 261, 262, 263, 264, 265], "summary": {"covered_lines": 8, "num_statements": 8, "percent_covered": 100.0, "percent_covered_display": "100", "missing_lines": 0, "excluded_lines": 0, "percent_statements_covered": 100.0, "percent_statements_covered_display": "100"}, "missing_lines": [], "excluded_lines": [], "start_line": 252}, "evaluate_alignment": {"executed_lines": [308, 314, 324, 325, 326, 328, 329, 331, 332, 336, 337, 340, 341, 342, 343, 344, 345, 346, 347, 351, 362, 363, 364, 365, 376, 377, 379], "summary": {"covered_lines": 27, "num_statements": 29, "percent_covered": 93.10344827586206, "percent_covered_display": "93", "missing_lines": 2, "excluded_lines": 0, "percent_statements_covered": 93.10344827586206, "percent_statements_covered_display": "93"}, "missing_lines": [333, 339], "excluded_lines": [], "start_line": 275}, "detect_anti_patterns": {"executed_lines": [404, 405, 407, 413, 423, 424, 429, 430, 432, 433, 437, 438, 439, 440, 441, 442, 450], "summary": {"covered_lines": 17, "num_statements": 19, "percent_covered": 89.47368421052632, "percent_covered_display": "89", "missing_lines": 2, "excluded_lines": 0, "percent_statements_covered": 89.47368421052632, "percent_statements_covered_display": "89"}, "missing_lines": [425, 434], "excluded_lines": [], "start_line": 387}, "assess_intent": {"executed_lines": [490, 491, 493, 500, 511, 512, 513, 515, 516, 518, 519, 521], "summary": {"covered_lines": 12, "num_statements": 12, "percent_covered": 100.0, "percent_covered_display": "100", "missing_lines": 0, "excluded_lines": 0, "percent_statements_covered": 100.0, "percent_statements_covered_display": "100"}, "missing_lines": [], "excluded_lines": [], "start_line": 458}, "assess_intent_with_north_star": {"executed_lines": [539, 540, 542, 549, 560, 561, 564, 565, 567, 570], "summary": {"covered_lines": 10, "num_statements": 12, "percent_covered": 83.33333333333333, "percent_covered_display": "83", "missing_lines": 2, "excluded_lines": 0, "percent_statements_covered": 83.33333333333333, "percent_statements_covered_display": "83"}, "missing_lines": [562, 568], "excluded_lines": [], "start_line": 528}, "_parse_variance_tags": {"executed_lines": [601, 602, 603, 604, 607, 608, 611, 612, 615, 616, 617, 618, 620, 621, 624, 632], "summary": {"covered_lines": 16, "num_statements": 17, "percent_covered": 94.11764705882354, "percent_covered_display": "94", "missing_lines": 1, "excluded_lines": 0, "percent_statements_covered": 94.11764705882354, "percent_statements_covered_display": "94"}, "missing_lines": [622], "excluded_lines": [], "start_line": 592}, "run_interview": {"executed_lines": [675, 676, 679, 688, 697, 700, 703, 706, 716], "summary": {"covered_lines": 9, "num_statements": 9, "percent_covered": 100.0, "percent_covered_display": "100", "missing_lines": 0, "excluded_lines": 0, "percent_statements_covered": 100.0, "percent_statements_covered_display": "100"}, "missing_lines": [], "excluded_lines": [], "start_line": 640}, "_aggregate_verdict": {"executed_lines": [736, 737, 738, 739, 740, 741], "summary": {"covered_lines": 6, "num_statements": 6, "percent_covered": 100.0, "percent_covered_display": "100", "missing_lines": 0, "excluded_lines": 0, "percent_statements_covered": 100.0, "percent_statements_covered_display": "100"}, "missing_lines": [], "excluded_lines": [], "start_line": 730}, "_draft_chronicle": {"executed_lines": [755, 756, 760, 765, 775], "summary": {"covered_lines": 5, "num_statements": 5, "percent_covered": 100.0, "percent_covered_display": "100", "missing_lines": 0, "excluded_lines": 0, "percent_statements_covered": 100.0, "percent_statements_covered_display": "100"}, "missing_lines": [], "excluded_lines": [], "start_line": 744}, "": {"executed_lines": [11, 13, 14, 15, 16, 17, 19, 20, 22, 39, 50, 51, 58, 67, 70, 75, 85, 89, 94, 96, 104, 199, 208, 226, 252, 275, 387, 458, 528, 579, 592, 640, 730, 744], "summary": {"covered_lines": 34, "num_statements": 34, "percent_covered": 100.0, "percent_covered_display": "100", "missing_lines": 0, "excluded_lines": 0, "percent_statements_covered": 100.0, "percent_statements_covered_display": "100"}, "missing_lines": [], "excluded_lines": [], "start_line": 1}}, "classes": {"LLMOutputError": {"executed_lines": [], "summary": {"covered_lines": 0, "num_statements": 0, "percent_covered": 100.0, "percent_covered_display": "100", "missing_lines": 0, "excluded_lines": 0, "percent_statements_covered": 100.0, "percent_statements_covered_display": "100"}, "missing_lines": [], "excluded_lines": [], "start_line": 39}, "": {"executed_lines": [11, 13, 14, 15, 16, 17, 19, 20, 22, 39, 50, 51, 58, 59, 67, 70, 75, 85, 89, 94, 96, 104, 122, 124, 125, 127, 128, 131, 132, 133, 134, 135, 138, 141, 142, 144, 145, 146, 148, 149, 150, 151, 152, 153, 155, 156, 158, 170, 171, 172, 174, 175, 176, 177, 179, 180, 182, 199, 201, 202, 203, 204, 205, 208, 210, 211, 214, 216, 217, 226, 235, 236, 237, 238, 239, 244, 246, 247, 248, 252, 257, 259, 260, 261, 262, 263, 264, 265, 275, 308, 314, 324, 325, 326, 328, 329, 331, 332, 336, 337, 340, 341, 342, 343, 344, 345, 346, 347, 351, 362, 363, 364, 365, 376, 377, 379, 387, 404, 405, 407, 413, 423, 424, 429, 430, 432, 433, 437, 438, 439, 440, 441, 442, 450, 458, 490, 491, 493, 500, 511, 512, 513, 515, 516, 518, 519, 521, 528, 539, 540, 542, 549, 560, 561, 564, 565, 567, 570, 579, 592, 601, 602, 603, 604, 607, 608, 611, 612, 615, 616, 617, 618, 620, 621, 624, 632, 640, 675, 676, 679, 688, 697, 700, 703, 706, 716, 730, 736, 737, 738, 739, 740, 741, 744, 755, 756, 760, 765, 775], "summary": {"covered_lines": 199, "num_statements": 211, "percent_covered": 94.31279620853081, "percent_covered_display": "94", "missing_lines": 12, "excluded_lines": 0, "percent_statements_covered": 94.31279620853081, "percent_statements_covered_display": "94"}, "missing_lines": [136, 212, 218, 245, 249, 333, 339, 425, 434, 562, 568, 622], "excluded_lines": [], "start_line": 1}}}, "guardian/chronicle.py": {"executed_lines": [10, 12, 13, 14, 15, 16, 18, 20, 21, 22, 32, 38, 41, 42, 48, 49, 51, 52, 55, 57, 58, 59, 60, 61, 64, 66, 67, 68, 69, 70, 71, 74, 75, 82, 87, 88, 89, 92, 105, 106, 109, 110, 113, 114, 115, 116, 117, 118, 119, 120, 121, 122, 123, 126, 127, 130, 131, 132, 133, 134, 135, 137, 140, 142, 143, 144, 147, 148, 151, 153, 164, 166, 172, 175, 176, 177, 178, 179, 184, 187, 189, 223, 225, 226, 230, 231, 234, 235, 236, 237, 238, 240, 241, 257, 267, 268, 269, 270, 272, 281, 295, 297, 298, 299, 301, 306, 308, 311, 312, 314, 315, 316, 318, 319, 320, 321, 325, 326, 327, 330, 331, 332, 334, 344, 347, 348, 359, 361, 364, 370, 371, 373, 384, 387, 388, 389, 390, 391, 394, 405, 407, 410, 428, 429, 431, 432, 434, 435, 439, 440, 441, 442, 443, 444, 446, 448], "summary": {"covered_lines": 156, "num_statements": 181, "percent_covered": 86.1878453038674, "percent_covered_display": "86", "missing_lines": 25, "excluded_lines": 0, "percent_statements_covered": 86.1878453038674, "percent_statements_covered_display": "86"}, "missing_lines": [173, 191, 192, 193, 194, 195, 197, 198, 199, 200, 201, 204, 205, 206, 207, 208, 210, 227, 228, 232, 248, 249, 307, 433, 436], "excluded_lines": [], "functions": {"_jinja_env": {"executed_lines": [42, 48, 51, 52], "summary": {"covered_lines": 4, "num_statements": 4, "percent_covered": 100.0, "percent_covered_display": "100", "missing_lines": 0, "excluded_lines": 0, "percent_statements_covered": 100.0, "percent_statements_covered_display": "100"}, "missing_lines": [], "excluded_lines": [], "start_line": 41}, "_jinja_env._format_date": {"executed_lines": [49], "summary": {"covered_lines": 1, "num_statements": 1, "percent_covered": 100.0, "percent_covered_display": "100", "missing_lines": 0, "excluded_lines": 0, "percent_statements_covered": 100.0, "percent_statements_covered_display": "100"}, "missing_lines": [], "excluded_lines": [], "start_line": 48}, "_slug": {"executed_lines": [57, 58, 59, 60, 61], "summary": {"covered_lines": 5, "num_statements": 5, "percent_covered": 100.0, "percent_covered_display": "100", "missing_lines": 0, "excluded_lines": 0, "percent_statements_covered": 100.0, "percent_statements_covered_display": "100"}, "missing_lines": [], "excluded_lines": [], "start_line": 55}, "_ensure_unique_slug": {"executed_lines": [66, 67, 68, 69, 70, 71], "summary": {"covered_lines": 6, "num_statements": 6, "percent_covered": 100.0, "percent_covered_display": "100", "missing_lines": 0, "excluded_lines": 0, "percent_statements_covered": 100.0, "percent_statements_covered_display": "100"}, "missing_lines": [], "excluded_lines": [], "start_line": 64}, "_verdict_symbol": {"executed_lines": [75], "summary": {"covered_lines": 1, "num_statements": 1, "percent_covered": 100.0, "percent_covered_display": "100", "missing_lines": 0, "excluded_lines": 0, "percent_statements_covered": 100.0, "percent_statements_covered_display": "100"}, "missing_lines": [], "excluded_lines": [], "start_line": 74}, "_compose_journal_markdown": {"executed_lines": [87, 88, 89, 92, 105, 106, 109, 110, 113, 114, 115, 116, 117, 118, 119, 120, 121, 122, 123, 126, 127, 130, 131, 132, 133, 134, 135, 137], "summary": {"covered_lines": 28, "num_statements": 28, "percent_covered": 100.0, "percent_covered_display": "100", "missing_lines": 0, "excluded_lines": 0, "percent_statements_covered": 100.0, "percent_statements_covered_display": "100"}, "missing_lines": [], "excluded_lines": [], "start_line": 82}, "_load_saga_index": {"executed_lines": [142, 143, 144], "summary": {"covered_lines": 3, "num_statements": 3, "percent_covered": 100.0, "percent_covered_display": "100", "missing_lines": 0, "excluded_lines": 0, "percent_statements_covered": 100.0, "percent_statements_covered_display": "100"}, "missing_lines": [], "excluded_lines": [], "start_line": 140}, "_save_saga_index": {"executed_lines": [148], "summary": {"covered_lines": 1, "num_statements": 1, "percent_covered": 100.0, "percent_covered_display": "100", "missing_lines": 0, "excluded_lines": 0, "percent_statements_covered": 100.0, "percent_statements_covered_display": "100"}, "missing_lines": [], "excluded_lines": [], "start_line": 147}, "_saga_from_index_entry": {"executed_lines": [153], "summary": {"covered_lines": 1, "num_statements": 1, "percent_covered": 100.0, "percent_covered_display": "100", "missing_lines": 0, "excluded_lines": 0, "percent_statements_covered": 100.0, "percent_statements_covered_display": "100"}, "missing_lines": [], "excluded_lines": [], "start_line": 151}, "_saga_to_frontmatter": {"executed_lines": [166, 172, 175, 176, 177, 178, 179, 184], "summary": {"covered_lines": 8, "num_statements": 9, "percent_covered": 88.88888888888889, "percent_covered_display": "89", "missing_lines": 1, "excluded_lines": 0, "percent_statements_covered": 88.88888888888889, "percent_statements_covered_display": "89"}, "missing_lines": [173], "excluded_lines": [], "start_line": 164}, "_load_saga_from_store": {"executed_lines": [189], "summary": {"covered_lines": 1, "num_statements": 17, "percent_covered": 5.882352941176471, "percent_covered_display": "6", "missing_lines": 16, "excluded_lines": 0, "percent_statements_covered": 5.882352941176471, "percent_statements_covered_display": "6"}, "missing_lines": [191, 192, 193, 194, 195, 197, 198, 199, 200, 201, 204, 205, 206, 207, 208, 210], "excluded_lines": [], "start_line": 187}, "_load_journal_entry": {"executed_lines": [225, 226, 230, 231, 234, 235, 236, 237, 238, 240, 241], "summary": {"covered_lines": 11, "num_statements": 16, "percent_covered": 68.75, "percent_covered_display": "69", "missing_lines": 5, "excluded_lines": 0, "percent_statements_covered": 68.75, "percent_statements_covered_display": "69"}, "missing_lines": [227, 228, 232, 248, 249], "excluded_lines": [], "start_line": 223}, "write_journal_entry": {"executed_lines": [267, 268, 269, 270, 272], "summary": {"covered_lines": 5, "num_statements": 5, "percent_covered": 100.0, "percent_covered_display": "100", "missing_lines": 0, "excluded_lines": 0, "percent_statements_covered": 100.0, "percent_statements_covered_display": "100"}, "missing_lines": [], "excluded_lines": [], "start_line": 257}, "assign_saga": {"executed_lines": [295, 297, 298, 299, 301, 306, 308, 311, 312, 314, 315, 316, 318, 319, 320, 321, 325, 326, 327, 330, 331, 332, 334, 344, 347, 348, 359, 361], "summary": {"covered_lines": 28, "num_statements": 29, "percent_covered": 96.55172413793103, "percent_covered_display": "97", "missing_lines": 1, "excluded_lines": 0, "percent_statements_covered": 96.55172413793103, "percent_statements_covered_display": "97"}, "missing_lines": [307], "excluded_lines": [], "start_line": 281}, "update_saga": {"executed_lines": [370, 371, 373, 384, 387, 388, 389, 390, 391, 394, 405, 407], "summary": {"covered_lines": 12, "num_statements": 12, "percent_covered": 100.0, "percent_covered_display": "100", "missing_lines": 0, "excluded_lines": 0, "percent_statements_covered": 100.0, "percent_statements_covered_display": "100"}, "missing_lines": [], "excluded_lines": [], "start_line": 364}, "read_chronicle": {"executed_lines": [428, 429, 431, 432, 434, 435, 439, 440, 441, 442, 443, 444, 446, 448], "summary": {"covered_lines": 14, "num_statements": 16, "percent_covered": 87.5, "percent_covered_display": "88", "missing_lines": 2, "excluded_lines": 0, "percent_statements_covered": 87.5, "percent_statements_covered_display": "88"}, "missing_lines": [433, 436], "excluded_lines": [], "start_line": 410}, "": {"executed_lines": [10, 12, 13, 14, 15, 16, 18, 20, 21, 22, 32, 38, 41, 55, 64, 74, 82, 140, 147, 151, 164, 187, 223, 257, 281, 364, 410], "summary": {"covered_lines": 27, "num_statements": 27, "percent_covered": 100.0, "percent_covered_display": "100", "missing_lines": 0, "excluded_lines": 0, "percent_statements_covered": 100.0, "percent_statements_covered_display": "100"}, "missing_lines": [], "excluded_lines": [], "start_line": 1}}, "classes": {"": {"executed_lines": [10, 12, 13, 14, 15, 16, 18, 20, 21, 22, 32, 38, 41, 42, 48, 49, 51, 52, 55, 57, 58, 59, 60, 61, 64, 66, 67, 68, 69, 70, 71, 74, 75, 82, 87, 88, 89, 92, 105, 106, 109, 110, 113, 114, 115, 116, 117, 118, 119, 120, 121, 122, 123, 126, 127, 130, 131, 132, 133, 134, 135, 137, 140, 142, 143, 144, 147, 148, 151, 153, 164, 166, 172, 175, 176, 177, 178, 179, 184, 187, 189, 223, 225, 226, 230, 231, 234, 235, 236, 237, 238, 240, 241, 257, 267, 268, 269, 270, 272, 281, 295, 297, 298, 299, 301, 306, 308, 311, 312, 314, 315, 316, 318, 319, 320, 321, 325, 326, 327, 330, 331, 332, 334, 344, 347, 348, 359, 361, 364, 370, 371, 373, 384, 387, 388, 389, 390, 391, 394, 405, 407, 410, 428, 429, 431, 432, 434, 435, 439, 440, 441, 442, 443, 444, 446, 448], "summary": {"covered_lines": 156, "num_statements": 181, "percent_covered": 86.1878453038674, "percent_covered_display": "86", "missing_lines": 25, "excluded_lines": 0, "percent_statements_covered": 86.1878453038674, "percent_statements_covered_display": "86"}, "missing_lines": [173, 191, 192, 193, 194, 195, 197, 198, 199, 200, 201, 204, 205, 206, 207, 208, 210, 227, 228, 232, 248, 249, 307, 433, 436], "excluded_lines": [], "start_line": 1}}}, "guardian/chronograph.py": {"executed_lines": [9, 11, 12, 13, 14, 15, 16, 17, 18, 19, 21, 23, 24, 25, 26, 29, 32, 33, 34, 35, 36, 39, 42, 43, 44, 47, 50, 51, 52, 53, 54, 55, 56, 59, 62, 63, 64, 65, 66, 67, 68, 69, 70, 71, 72, 73, 76, 79, 80, 81, 82, 83, 84, 85, 86, 87, 88, 89, 90, 91, 92, 93, 94, 95, 96, 99, 102, 103, 104, 105, 106, 107, 108, 109, 110, 113, 116, 117, 119, 121, 122, 123, 124, 125, 141, 142, 143, 145, 146, 147, 149, 150, 151, 153, 154, 155, 157, 159, 160, 161, 162, 164, 165, 167, 170, 171, 172, 178, 180, 181, 183, 184, 185, 186, 188, 189, 190, 191, 192, 197, 201, 220, 223, 230, 231, 233, 234, 235, 236, 237, 257, 259, 262, 270, 271, 273, 274, 275, 276, 282, 283, 284, 285, 286, 287, 289, 290, 291, 292, 293, 295, 296, 297, 298, 299, 300, 302, 303, 304, 305, 306, 307, 311, 312, 313, 322, 323, 340, 343, 344, 346, 349, 350, 353, 354, 355, 360, 363, 364, 367, 368, 371, 372, 375, 376, 387, 388, 389, 390, 391, 392, 397, 398, 404, 405, 408, 409, 410, 411, 412, 415, 416, 419, 420, 421, 422, 427, 428, 431, 432, 433, 434, 437, 438, 440, 441, 442, 444, 445, 449, 450, 451, 452, 454, 457, 458, 459, 460, 470, 475, 477, 479, 481, 483, 484, 485, 486, 487, 488, 489, 490, 491, 492, 494, 496, 499, 500, 501, 502, 505, 506, 515, 516, 517, 519, 522, 523, 524, 525, 526, 527, 528, 533, 535, 536, 537, 538, 539, 540, 543, 544, 545, 546, 547, 548, 551, 552, 553, 556, 562, 563, 564, 565, 566, 567, 570, 571, 574, 575, 576, 577, 580, 581, 584, 585, 588, 595, 596, 613, 614, 617, 624, 625, 638, 648, 649, 662, 664, 665, 666, 667, 668, 671, 672, 673, 674, 676, 684, 685, 687, 688, 690, 691, 696, 697, 698, 699], "summary": {"covered_lines": 327, "num_statements": 368, "percent_covered": 88.8586956521739, "percent_covered_display": "89", "missing_lines": 41, "excluded_lines": 0, "percent_statements_covered": 88.8586956521739, "percent_statements_covered_display": "89"}, "missing_lines": [156, 168, 173, 175, 193, 194, 195, 277, 278, 279, 280, 309, 324, 325, 326, 337, 338, 345, 393, 394, 413, 414, 435, 476, 478, 480, 482, 493, 495, 518, 529, 530, 531, 532, 534, 618, 619, 620, 621, 663, 693], "excluded_lines": [], "functions": {"ChronographSafetyPolicy.for_repo": {"executed_lines": [123, 124, 125], "summary": {"covered_lines": 3, "num_statements": 3, "percent_covered": 100.0, "percent_covered_display": "100", "missing_lines": 0, "excluded_lines": 0, "percent_statements_covered": 100.0, "percent_statements_covered_display": "100"}, "missing_lines": [], "excluded_lines": [], "start_line": 122}, "ChronographSafetyPolicy.chronograph_root": {"executed_lines": [143], "summary": {"covered_lines": 1, "num_statements": 1, "percent_covered": 100.0, "percent_covered_display": "100", "missing_lines": 0, "excluded_lines": 0, "percent_statements_covered": 100.0, "percent_statements_covered_display": "100"}, "missing_lines": [], "excluded_lines": [], "start_line": 142}, "ChronographSafetyPolicy.backup_root": {"executed_lines": [147], "summary": {"covered_lines": 1, "num_statements": 1, "percent_covered": 100.0, "percent_covered_display": "100", "missing_lines": 0, "excluded_lines": 0, "percent_statements_covered": 100.0, "percent_statements_covered_display": "100"}, "missing_lines": [], "excluded_lines": [], "start_line": 146}, "ChronographSafetyPolicy.audit_path": {"executed_lines": [151], "summary": {"covered_lines": 1, "num_statements": 1, "percent_covered": 100.0, "percent_covered_display": "100", "missing_lines": 0, "excluded_lines": 0, "percent_statements_covered": 100.0, "percent_statements_covered_display": "100"}, "missing_lines": [], "excluded_lines": [], "start_line": 150}, "ChronographSafetyPolicy.resolve_target": {"executed_lines": [154, 155, 157], "summary": {"covered_lines": 3, "num_statements": 4, "percent_covered": 75.0, "percent_covered_display": "75", "missing_lines": 1, "excluded_lines": 0, "percent_statements_covered": 75.0, "percent_statements_covered_display": "75"}, "missing_lines": [156], "excluded_lines": [], "start_line": 153}, "ChronographSafetyPolicy.validate_target": {"executed_lines": [160, 161, 162, 164, 165, 167, 170, 171, 172], "summary": {"covered_lines": 9, "num_statements": 12, "percent_covered": 75.0, "percent_covered_display": "75", "missing_lines": 3, "excluded_lines": 0, "percent_statements_covered": 75.0, "percent_statements_covered_display": "75"}, "missing_lines": [168, 173, 175], "excluded_lines": [], "start_line": 159}, "recommend_actions": {"executed_lines": [180, 181, 183, 184, 185, 186, 188, 189, 190, 191, 192, 197, 201, 220], "summary": {"covered_lines": 14, "num_statements": 17, "percent_covered": 82.3529411764706, "percent_covered_display": "82", "missing_lines": 3, "excluded_lines": 0, "percent_statements_covered": 82.3529411764706, "percent_statements_covered_display": "82"}, "missing_lines": [193, 194, 195], "excluded_lines": [], "start_line": 178}, "build_apply_plan": {"executed_lines": [230, 231, 233, 234, 235, 236, 237, 257, 259], "summary": {"covered_lines": 9, "num_statements": 9, "percent_covered": 100.0, "percent_covered_display": "100", "missing_lines": 0, "excluded_lines": 0, "percent_statements_covered": 100.0, "percent_statements_covered_display": "100"}, "missing_lines": [], "excluded_lines": [], "start_line": 223}, "apply_plan": {"executed_lines": [270, 271, 273, 274, 275, 276, 282, 283, 284, 285, 286, 287, 289, 290, 291, 292, 293, 295, 296, 297, 298, 299, 300, 302, 303, 304, 305, 306, 307, 311, 312, 313, 322, 323, 340], "summary": {"covered_lines": 35, "num_statements": 45, "percent_covered": 77.77777777777777, "percent_covered_display": "78", "missing_lines": 10, "excluded_lines": 0, "percent_statements_covered": 77.77777777777777, "percent_statements_covered_display": "78"}, "missing_lines": [277, 278, 279, 280, 309, 324, 325, 326, 337, 338], "excluded_lines": [], "start_line": 262}, "_load_model_list": {"executed_lines": [344, 346], "summary": {"covered_lines": 2, "num_statements": 3, "percent_covered": 66.66666666666667, "percent_covered_display": "67", "missing_lines": 1, "excluded_lines": 0, "percent_statements_covered": 66.66666666666667, "percent_statements_covered_display": "67"}, "missing_lines": [345], "excluded_lines": [], "start_line": 343}, "load_diffs": {"executed_lines": [350], "summary": {"covered_lines": 1, "num_statements": 1, "percent_covered": 100.0, "percent_covered_display": "100", "missing_lines": 0, "excluded_lines": 0, "percent_statements_covered": 100.0, "percent_statements_covered_display": "100"}, "missing_lines": [], "excluded_lines": [], "start_line": 349}, "write_json": {"executed_lines": [354, 355, 360], "summary": {"covered_lines": 3, "num_statements": 3, "percent_covered": 100.0, "percent_covered_display": "100", "missing_lines": 0, "excluded_lines": 0, "percent_statements_covered": 100.0, "percent_statements_covered_display": "100"}, "missing_lines": [], "excluded_lines": [], "start_line": 353}, "load_actions": {"executed_lines": [364], "summary": {"covered_lines": 1, "num_statements": 1, "percent_covered": 100.0, "percent_covered_display": "100", "missing_lines": 0, "excluded_lines": 0, "percent_statements_covered": 100.0, "percent_statements_covered_display": "100"}, "missing_lines": [], "excluded_lines": [], "start_line": 363}, "load_apply_plan": {"executed_lines": [368], "summary": {"covered_lines": 1, "num_statements": 1, "percent_covered": 100.0, "percent_covered_display": "100", "missing_lines": 0, "excluded_lines": 0, "percent_statements_covered": 100.0, "percent_statements_covered_display": "100"}, "missing_lines": [], "excluded_lines": [], "start_line": 367}, "chronograph_path": {"executed_lines": [372], "summary": {"covered_lines": 1, "num_statements": 1, "percent_covered": 100.0, "percent_covered_display": "100", "missing_lines": 0, "excluded_lines": 0, "percent_statements_covered": 100.0, "percent_statements_covered_display": "100"}, "missing_lines": [], "excluded_lines": [], "start_line": 371}, "_skip_result": {"executed_lines": [376], "summary": {"covered_lines": 1, "num_statements": 1, "percent_covered": 100.0, "percent_covered_display": "100", "missing_lines": 0, "excluded_lines": 0, "percent_statements_covered": 100.0, "percent_statements_covered_display": "100"}, "missing_lines": [], "excluded_lines": [], "start_line": 375}, "_detect_missing_include": {"executed_lines": [388, 389, 390, 391, 392], "summary": {"covered_lines": 5, "num_statements": 7, "percent_covered": 71.42857142857143, "percent_covered_display": "71", "missing_lines": 2, "excluded_lines": 0, "percent_statements_covered": 71.42857142857143, "percent_statements_covered_display": "71"}, "missing_lines": [393, 394], "excluded_lines": [], "start_line": 387}, "_action_reason": {"executed_lines": [398], "summary": {"covered_lines": 1, "num_statements": 1, "percent_covered": 100.0, "percent_covered_display": "100", "missing_lines": 0, "excluded_lines": 0, "percent_statements_covered": 100.0, "percent_statements_covered_display": "100"}, "missing_lines": [], "excluded_lines": [], "start_line": 397}, "_looks_destructive": {"executed_lines": [405], "summary": {"covered_lines": 1, "num_statements": 1, "percent_covered": 100.0, "percent_covered_display": "100", "missing_lines": 0, "excluded_lines": 0, "percent_statements_covered": 100.0, "percent_statements_covered_display": "100"}, "missing_lines": [], "excluded_lines": [], "start_line": 404}, "_unique_id": {"executed_lines": [409, 410, 411, 412, 415, 416], "summary": {"covered_lines": 6, "num_statements": 8, "percent_covered": 75.0, "percent_covered_display": "75", "missing_lines": 2, "excluded_lines": 0, "percent_statements_covered": 75.0, "percent_statements_covered_display": "75"}, "missing_lines": [413, 414], "excluded_lines": [], "start_line": 408}, "_risk_for": {"executed_lines": [420, 421, 422, 427, 428], "summary": {"covered_lines": 5, "num_statements": 5, "percent_covered": 100.0, "percent_covered_display": "100", "missing_lines": 0, "excluded_lines": 0, "percent_statements_covered": 100.0, "percent_statements_covered_display": "100"}, "missing_lines": [], "excluded_lines": [], "start_line": 419}, "_can_auto_apply": {"executed_lines": [432, 433, 434, 437, 438, 440, 441, 442, 444, 445, 449, 450, 451, 452, 454], "summary": {"covered_lines": 15, "num_statements": 16, "percent_covered": 93.75, "percent_covered_display": "94", "missing_lines": 1, "excluded_lines": 0, "percent_statements_covered": 93.75, "percent_statements_covered_display": "94"}, "missing_lines": [435], "excluded_lines": [], "start_line": 431}, "_unified_diff": {"executed_lines": [458, 459, 460], "summary": {"covered_lines": 3, "num_statements": 3, "percent_covered": 100.0, "percent_covered_display": "100", "missing_lines": 0, "excluded_lines": 0, "percent_statements_covered": 100.0, "percent_statements_covered_display": "100"}, "missing_lines": [], "excluded_lines": [], "start_line": 457}, "_plan_action_mismatch": {"executed_lines": [475, 477, 479, 481, 483, 484, 485, 486, 487, 488, 489, 490, 491, 492, 494, 496], "summary": {"covered_lines": 16, "num_statements": 22, "percent_covered": 72.72727272727273, "percent_covered_display": "73", "missing_lines": 6, "excluded_lines": 0, "percent_statements_covered": 72.72727272727273, "percent_statements_covered_display": "73"}, "missing_lines": [476, 478, 480, 482, 493, 495], "excluded_lines": [], "start_line": 470}, "_is_known_safe_include": {"executed_lines": [500, 501, 502], "summary": {"covered_lines": 3, "num_statements": 3, "percent_covered": 100.0, "percent_covered_display": "100", "missing_lines": 0, "excluded_lines": 0, "percent_statements_covered": 100.0, "percent_statements_covered_display": "100"}, "missing_lines": [], "excluded_lines": [], "start_line": 499}, "_is_instruction_include_file": {"executed_lines": [506], "summary": {"covered_lines": 1, "num_statements": 1, "percent_covered": 100.0, "percent_covered_display": "100", "missing_lines": 0, "excluded_lines": 0, "percent_statements_covered": 100.0, "percent_statements_covered_display": "100"}, "missing_lines": [], "excluded_lines": [], "start_line": 505}, "_adds_only_known_safe_include": {"executed_lines": [516, 517, 519], "summary": {"covered_lines": 3, "num_statements": 4, "percent_covered": 75.0, "percent_covered_display": "75", "missing_lines": 1, "excluded_lines": 0, "percent_statements_covered": 75.0, "percent_statements_covered_display": "75"}, "missing_lines": [518], "excluded_lines": [], "start_line": 515}, "_added_lines": {"executed_lines": [523, 524, 525, 526, 527, 528, 533, 535, 536, 537, 538, 539, 540], "summary": {"covered_lines": 13, "num_statements": 18, "percent_covered": 72.22222222222223, "percent_covered_display": "72", "missing_lines": 5, "excluded_lines": 0, "percent_statements_covered": 72.22222222222223, "percent_statements_covered_display": "72"}, "missing_lines": [529, 530, 531, 532, 534], "excluded_lines": [], "start_line": 522}, "_extract_backup_timestamp": {"executed_lines": [544, 545, 546, 547, 548], "summary": {"covered_lines": 5, "num_statements": 5, "percent_covered": 100.0, "percent_covered_display": "100", "missing_lines": 0, "excluded_lines": 0, "percent_statements_covered": 100.0, "percent_statements_covered_display": "100"}, "missing_lines": [], "excluded_lines": [], "start_line": 543}, "_timestamp": {"executed_lines": [552, 553], "summary": {"covered_lines": 2, "num_statements": 2, "percent_covered": 100.0, "percent_covered_display": "100", "missing_lines": 0, "excluded_lines": 0, "percent_statements_covered": 100.0, "percent_statements_covered_display": "100"}, "missing_lines": [], "excluded_lines": [], "start_line": 551}, "_backup_path": {"executed_lines": [562, 563, 564, 565, 566, 567], "summary": {"covered_lines": 6, "num_statements": 6, "percent_covered": 100.0, "percent_covered_display": "100", "missing_lines": 0, "excluded_lines": 0, "percent_statements_covered": 100.0, "percent_statements_covered_display": "100"}, "missing_lines": [], "excluded_lines": [], "start_line": 556}, "_safe_path_part": {"executed_lines": [571], "summary": {"covered_lines": 1, "num_statements": 1, "percent_covered": 100.0, "percent_covered_display": "100", "missing_lines": 0, "excluded_lines": 0, "percent_statements_covered": 100.0, "percent_statements_covered_display": "100"}, "missing_lines": [], "excluded_lines": [], "start_line": 570}, "_rollback_command": {"executed_lines": [575, 576, 577], "summary": {"covered_lines": 3, "num_statements": 3, "percent_covered": 100.0, "percent_covered_display": "100", "missing_lines": 0, "excluded_lines": 0, "percent_statements_covered": 100.0, "percent_statements_covered_display": "100"}, "missing_lines": [], "excluded_lines": [], "start_line": 574}, "_ps_escape": {"executed_lines": [581], "summary": {"covered_lines": 1, "num_statements": 1, "percent_covered": 100.0, "percent_covered_display": "100", "missing_lines": 0, "excluded_lines": 0, "percent_statements_covered": 100.0, "percent_statements_covered_display": "100"}, "missing_lines": [], "excluded_lines": [], "start_line": 580}, "_sha256": {"executed_lines": [585], "summary": {"covered_lines": 1, "num_statements": 1, "percent_covered": 100.0, "percent_covered_display": "100", "missing_lines": 0, "excluded_lines": 0, "percent_statements_covered": 100.0, "percent_statements_covered_display": "100"}, "missing_lines": [], "excluded_lines": [], "start_line": 584}, "_append_audit": {"executed_lines": [595, 596, 613, 614], "summary": {"covered_lines": 4, "num_statements": 4, "percent_covered": 100.0, "percent_covered_display": "100", "missing_lines": 0, "excluded_lines": 0, "percent_statements_covered": 100.0, "percent_statements_covered_display": "100"}, "missing_lines": [], "excluded_lines": [], "start_line": 588}, "_restore_after_failure": {"executed_lines": [], "summary": {"covered_lines": 0, "num_statements": 4, "percent_covered": 0.0, "percent_covered_display": "0", "missing_lines": 4, "excluded_lines": 0, "percent_statements_covered": 0.0, "percent_statements_covered_display": "0"}, "missing_lines": [618, 619, 620, 621], "excluded_lines": [], "start_line": 617}, "_is_forbidden_path": {"executed_lines": [625, 638, 648, 649, 662, 664, 665, 666, 667, 668], "summary": {"covered_lines": 10, "num_statements": 11, "percent_covered": 90.9090909090909, "percent_covered_display": "91", "missing_lines": 1, "excluded_lines": 0, "percent_statements_covered": 90.9090909090909, "percent_statements_covered_display": "91"}, "missing_lines": [663], "excluded_lines": [], "start_line": 624}, "_is_allowed_live_file": {"executed_lines": [672, 673, 674, 676, 684, 685, 687, 688, 690, 691], "summary": {"covered_lines": 10, "num_statements": 11, "percent_covered": 90.9090909090909, "percent_covered_display": "91", "missing_lines": 1, "excluded_lines": 0, "percent_statements_covered": 90.9090909090909, "percent_statements_covered_display": "91"}, "missing_lines": [693], "excluded_lines": [], "start_line": 671}, "_is_under": {"executed_lines": [697, 698, 699], "summary": {"covered_lines": 3, "num_statements": 3, "percent_covered": 100.0, "percent_covered_display": "100", "missing_lines": 0, "excluded_lines": 0, "percent_statements_covered": 100.0, "percent_statements_covered_display": "100"}, "missing_lines": [], "excluded_lines": [], "start_line": 696}, "": {"executed_lines": [9, 11, 12, 13, 14, 15, 16, 17, 18, 19, 21, 23, 24, 25, 26, 29, 32, 33, 34, 35, 36, 39, 42, 43, 44, 47, 50, 51, 52, 53, 54, 55, 56, 59, 62, 63, 64, 65, 66, 67, 68, 69, 70, 71, 72, 73, 76, 79, 80, 81, 82, 83, 84, 85, 86, 87, 88, 89, 90, 91, 92, 93, 94, 95, 96, 99, 102, 103, 104, 105, 106, 107, 108, 109, 110, 113, 116, 117, 119, 121, 122, 141, 142, 145, 146, 149, 150, 153, 159, 178, 223, 262, 343, 349, 353, 363, 367, 371, 375, 387, 397, 404, 408, 419, 431, 457, 470, 499, 505, 515, 522, 543, 551, 556, 570, 574, 580, 584, 588, 617, 624, 671, 696], "summary": {"covered_lines": 123, "num_statements": 123, "percent_covered": 100.0, "percent_covered_display": "100", "missing_lines": 0, "excluded_lines": 0, "percent_statements_covered": 100.0, "percent_statements_covered_display": "100"}, "missing_lines": [], "excluded_lines": [], "start_line": 1}}, "classes": {"ActionClass": {"executed_lines": [], "summary": {"covered_lines": 0, "num_statements": 0, "percent_covered": 100.0, "percent_covered_display": "100", "missing_lines": 0, "excluded_lines": 0, "percent_statements_covered": 100.0, "percent_statements_covered_display": "100"}, "missing_lines": [], "excluded_lines": [], "start_line": 29}, "RiskLevel": {"executed_lines": [], "summary": {"covered_lines": 0, "num_statements": 0, "percent_covered": 100.0, "percent_covered_display": "100", "missing_lines": 0, "excluded_lines": 0, "percent_statements_covered": 100.0, "percent_statements_covered_display": "100"}, "missing_lines": [], "excluded_lines": [], "start_line": 39}, "ConfigDiff": {"executed_lines": [], "summary": {"covered_lines": 0, "num_statements": 0, "percent_covered": 100.0, "percent_covered_display": "100", "missing_lines": 0, "excluded_lines": 0, "percent_statements_covered": 100.0, "percent_statements_covered_display": "100"}, "missing_lines": [], "excluded_lines": [], "start_line": 47}, "StewardshipAction": {"executed_lines": [], "summary": {"covered_lines": 0, "num_statements": 0, "percent_covered": 100.0, "percent_covered_display": "100", "missing_lines": 0, "excluded_lines": 0, "percent_statements_covered": 100.0, "percent_statements_covered_display": "100"}, "missing_lines": [], "excluded_lines": [], "start_line": 59}, "ApplyPlanItem": {"executed_lines": [], "summary": {"covered_lines": 0, "num_statements": 0, "percent_covered": 100.0, "percent_covered_display": "100", "missing_lines": 0, "excluded_lines": 0, "percent_statements_covered": 100.0, "percent_statements_covered_display": "100"}, "missing_lines": [], "excluded_lines": [], "start_line": 76}, "ApplyResult": {"executed_lines": [], "summary": {"covered_lines": 0, "num_statements": 0, "percent_covered": 100.0, "percent_covered_display": "100", "missing_lines": 0, "excluded_lines": 0, "percent_statements_covered": 100.0, "percent_statements_covered_display": "100"}, "missing_lines": [], "excluded_lines": [], "start_line": 99}, "ChronographSafetyPolicy": {"executed_lines": [123, 124, 125, 143, 147, 151, 154, 155, 157, 160, 161, 162, 164, 165, 167, 170, 171, 172], "summary": {"covered_lines": 18, "num_statements": 22, "percent_covered": 81.81818181818181, "percent_covered_display": "82", "missing_lines": 4, "excluded_lines": 0, "percent_statements_covered": 81.81818181818181, "percent_statements_covered_display": "82"}, "missing_lines": [156, 168, 173, 175], "excluded_lines": [], "start_line": 113}, "": {"executed_lines": [9, 11, 12, 13, 14, 15, 16, 17, 18, 19, 21, 23, 24, 25, 26, 29, 32, 33, 34, 35, 36, 39, 42, 43, 44, 47, 50, 51, 52, 53, 54, 55, 56, 59, 62, 63, 64, 65, 66, 67, 68, 69, 70, 71, 72, 73, 76, 79, 80, 81, 82, 83, 84, 85, 86, 87, 88, 89, 90, 91, 92, 93, 94, 95, 96, 99, 102, 103, 104, 105, 106, 107, 108, 109, 110, 113, 116, 117, 119, 121, 122, 141, 142, 145, 146, 149, 150, 153, 159, 178, 180, 181, 183, 184, 185, 186, 188, 189, 190, 191, 192, 197, 201, 220, 223, 230, 231, 233, 234, 235, 236, 237, 257, 259, 262, 270, 271, 273, 274, 275, 276, 282, 283, 284, 285, 286, 287, 289, 290, 291, 292, 293, 295, 296, 297, 298, 299, 300, 302, 303, 304, 305, 306, 307, 311, 312, 313, 322, 323, 340, 343, 344, 346, 349, 350, 353, 354, 355, 360, 363, 364, 367, 368, 371, 372, 375, 376, 387, 388, 389, 390, 391, 392, 397, 398, 404, 405, 408, 409, 410, 411, 412, 415, 416, 419, 420, 421, 422, 427, 428, 431, 432, 433, 434, 437, 438, 440, 441, 442, 444, 445, 449, 450, 451, 452, 454, 457, 458, 459, 460, 470, 475, 477, 479, 481, 483, 484, 485, 486, 487, 488, 489, 490, 491, 492, 494, 496, 499, 500, 501, 502, 505, 506, 515, 516, 517, 519, 522, 523, 524, 525, 526, 527, 528, 533, 535, 536, 537, 538, 539, 540, 543, 544, 545, 546, 547, 548, 551, 552, 553, 556, 562, 563, 564, 565, 566, 567, 570, 571, 574, 575, 576, 577, 580, 581, 584, 585, 588, 595, 596, 613, 614, 617, 624, 625, 638, 648, 649, 662, 664, 665, 666, 667, 668, 671, 672, 673, 674, 676, 684, 685, 687, 688, 690, 691, 696, 697, 698, 699], "summary": {"covered_lines": 309, "num_statements": 346, "percent_covered": 89.30635838150289, "percent_covered_display": "89", "missing_lines": 37, "excluded_lines": 0, "percent_statements_covered": 89.30635838150289, "percent_statements_covered_display": "89"}, "missing_lines": [193, 194, 195, 277, 278, 279, 280, 309, 324, 325, 326, 337, 338, 345, 393, 394, 413, 414, 435, 476, 478, 480, 482, 493, 495, 518, 529, 530, 531, 532, 534, 618, 619, 620, 621, 663, 693], "excluded_lines": [], "start_line": 1}}}, "guardian/cli.py": {"executed_lines": [8, 10, 11, 12, 13, 14, 15, 17, 18, 20, 21, 22, 23, 37, 40, 51, 60, 61, 62, 63, 69, 70, 72, 77, 78, 79, 81, 82, 83, 87, 89, 90, 95, 96, 106, 109, 144, 152, 158, 171, 172, 173, 174, 176, 177, 181, 183, 184, 185, 187, 188, 190, 192, 195, 197, 199, 204, 206, 214, 215, 223, 230, 231, 232, 235, 236, 237, 238, 239, 242, 243, 244, 247, 250, 258, 259, 268, 269, 275, 281, 284, 286, 287, 288, 290, 291, 294, 295, 296, 298, 301, 302, 305, 308, 311, 321, 322, 323, 330, 331, 334, 337, 340, 341, 342, 345, 346, 348, 356, 357, 363, 369, 418, 441, 470, 532, 562, 599, 654, 655, 661, 729, 730, 736, 826, 827, 833, 839, 841, 843, 844, 845, 847, 848, 849, 850, 855, 857, 858, 859, 867, 868, 874, 880, 882, 884, 885, 886, 887, 889, 890, 892, 898, 899, 905, 907, 909, 910, 911, 912, 914, 915, 916, 918, 919, 926, 927, 933, 935, 937, 938, 939, 940, 941, 943, 944, 945, 946, 948, 949, 961], "summary": {"covered_lines": 181, "num_statements": 405, "percent_covered": 44.69135802469136, "percent_covered_display": "45", "missing_lines": 224, "excluded_lines": 0, "percent_statements_covered": 44.69135802469136, "percent_statements_covered_display": "45"}, "missing_lines": [42, 43, 44, 45, 46, 47, 48, 73, 118, 120, 121, 122, 123, 124, 125, 129, 136, 146, 147, 148, 149, 154, 155, 216, 217, 218, 219, 220, 224, 225, 226, 227, 248, 371, 372, 374, 375, 377, 378, 379, 380, 382, 383, 385, 386, 388, 397, 398, 399, 404, 405, 407, 408, 410, 425, 435, 436, 438, 448, 449, 450, 451, 458, 459, 464, 465, 467, 477, 478, 482, 483, 485, 486, 488, 489, 490, 492, 493, 494, 500, 506, 514, 515, 517, 523, 524, 526, 527, 529, 539, 541, 542, 543, 544, 547, 548, 549, 550, 551, 552, 553, 554, 556, 557, 559, 569, 571, 572, 573, 574, 575, 577, 578, 584, 590, 591, 593, 594, 596, 606, 608, 611, 612, 613, 614, 615, 616, 617, 618, 619, 620, 621, 622, 623, 624, 625, 627, 630, 631, 632, 633, 634, 639, 640, 641, 643, 644, 646, 663, 665, 666, 667, 669, 670, 671, 672, 673, 678, 679, 680, 682, 684, 686, 687, 688, 690, 691, 694, 696, 697, 700, 701, 702, 703, 705, 706, 708, 709, 710, 714, 716, 721, 738, 739, 741, 742, 745, 746, 751, 754, 758, 759, 760, 761, 762, 763, 764, 765, 767, 770, 774, 777, 781, 782, 783, 784, 787, 788, 789, 791, 799, 801, 802, 803, 804, 805, 806, 808, 809, 811, 816, 817, 818, 963], "excluded_lines": [], "functions": {"_load_config": {"executed_lines": [], "summary": {"covered_lines": 0, "num_statements": 7, "percent_covered": 0.0, "percent_covered_display": "0", "missing_lines": 7, "excluded_lines": 0, "percent_statements_covered": 0.0, "percent_statements_covered_display": "0"}, "missing_lines": [42, 43, 44, 45, 46, 47, 48], "excluded_lines": [], "start_line": 40}, "_load_review_north_star": {"executed_lines": [60, 61, 62, 63, 69, 70, 72, 77, 78, 79, 81, 82, 83, 87, 89, 90, 95, 96, 106], "summary": {"covered_lines": 19, "num_statements": 20, "percent_covered": 95.0, "percent_covered_display": "95", "missing_lines": 1, "excluded_lines": 0, "percent_statements_covered": 95.0, "percent_statements_covered_display": "95"}, "missing_lines": [73], "excluded_lines": [], "start_line": 51}, "_create_linear_amendment_issue": {"executed_lines": [], "summary": {"covered_lines": 0, "num_statements": 9, "percent_covered": 0.0, "percent_covered_display": "0", "missing_lines": 9, "excluded_lines": 0, "percent_statements_covered": 0.0, "percent_statements_covered_display": "0"}, "missing_lines": [118, 120, 121, 122, 123, 124, 125, 129, 136], "excluded_lines": [], "start_line": 109}, "_make_openai_client": {"executed_lines": [], "summary": {"covered_lines": 0, "num_statements": 4, "percent_covered": 0.0, "percent_covered_display": "0", "missing_lines": 4, "excluded_lines": 0, "percent_statements_covered": 0.0, "percent_statements_covered_display": "0"}, "missing_lines": [146, 147, 148, 149], "excluded_lines": [], "start_line": 144}, "_make_store": {"executed_lines": [], "summary": {"covered_lines": 0, "num_statements": 2, "percent_covered": 0.0, "percent_covered_display": "0", "missing_lines": 2, "excluded_lines": 0, "percent_statements_covered": 0.0, "percent_statements_covered_display": "0"}, "missing_lines": [154, 155], "excluded_lines": [], "start_line": 152}, "parse_slash_command": {"executed_lines": [171, 172, 173, 174, 176, 177, 181, 183, 184, 185, 187, 188, 190, 192], "summary": {"covered_lines": 14, "num_statements": 14, "percent_covered": 100.0, "percent_covered_display": "100", "missing_lines": 0, "excluded_lines": 0, "percent_statements_covered": 100.0, "percent_statements_covered_display": "100"}, "missing_lines": [], "excluded_lines": [], "start_line": 158}, "_format_report_comment": {"executed_lines": [197, 199, 204, 206, 214, 215, 223, 230, 231, 232, 235, 236, 237, 238, 239, 242, 243, 244, 247, 250], "summary": {"covered_lines": 20, "num_statements": 30, "percent_covered": 66.66666666666667, "percent_covered_display": "67", "missing_lines": 10, "excluded_lines": 0, "percent_statements_covered": 66.66666666666667, "percent_statements_covered_display": "67"}, "missing_lines": [216, 217, 218, 219, 220, 224, 225, 226, 227, 248], "excluded_lines": [], "start_line": 195}, "cli": {"executed_lines": [], "summary": {"covered_lines": 0, "num_statements": 0, "percent_covered": 100.0, "percent_covered_display": "100", "missing_lines": 0, "excluded_lines": 0, "percent_statements_covered": 100.0, "percent_statements_covered_display": "100"}, "missing_lines": [], "excluded_lines": [], "start_line": 259}, "interview": {"executed_lines": [284, 286, 287, 288, 290, 291, 294, 295, 296, 298, 301, 302, 305, 308, 311, 321, 322, 323, 330, 331, 334, 337, 340, 341, 342, 345, 346, 348], "summary": {"covered_lines": 28, "num_statements": 28, "percent_covered": 100.0, "percent_covered_display": "100", "missing_lines": 0, "excluded_lines": 0, "percent_statements_covered": 100.0, "percent_statements_covered_display": "100"}, "missing_lines": [], "excluded_lines": [], "start_line": 281}, "command_dispatch": {"executed_lines": [], "summary": {"covered_lines": 0, "num_statements": 21, "percent_covered": 0.0, "percent_covered_display": "0", "missing_lines": 21, "excluded_lines": 0, "percent_statements_covered": 0.0, "percent_statements_covered_display": "0"}, "missing_lines": [371, 372, 374, 375, 377, 378, 379, 380, 382, 383, 385, 386, 388, 397, 398, 399, 404, 405, 407, 408, 410], "excluded_lines": [], "start_line": 369}, "_handle_init_guardian": {"executed_lines": [], "summary": {"covered_lines": 0, "num_statements": 4, "percent_covered": 0.0, "percent_covered_display": "0", "missing_lines": 4, "excluded_lines": 0, "percent_statements_covered": 0.0, "percent_statements_covered_display": "0"}, "missing_lines": [425, 435, 436, 438], "excluded_lines": [], "start_line": 418}, "_handle_re_anchor": {"executed_lines": [], "summary": {"covered_lines": 0, "num_statements": 9, "percent_covered": 0.0, "percent_covered_display": "0", "missing_lines": 9, "excluded_lines": 0, "percent_statements_covered": 0.0, "percent_statements_covered_display": "0"}, "missing_lines": [448, 449, 450, 451, 458, 459, 464, 465, 467], "excluded_lines": [], "start_line": 441}, "_handle_amend": {"executed_lines": [], "summary": {"covered_lines": 0, "num_statements": 22, "percent_covered": 0.0, "percent_covered_display": "0", "missing_lines": 22, "excluded_lines": 0, "percent_statements_covered": 0.0, "percent_statements_covered_display": "0"}, "missing_lines": [477, 478, 482, 483, 485, 486, 488, 489, 490, 492, 493, 494, 500, 506, 514, 515, 517, 523, 524, 526, 527, 529], "excluded_lines": [], "start_line": 470}, "_handle_chronicle": {"executed_lines": [], "summary": {"covered_lines": 0, "num_statements": 16, "percent_covered": 0.0, "percent_covered_display": "0", "missing_lines": 16, "excluded_lines": 0, "percent_statements_covered": 0.0, "percent_statements_covered_display": "0"}, "missing_lines": [539, 541, 542, 543, 544, 547, 548, 549, 550, 551, 552, 553, 554, 556, 557, 559], "excluded_lines": [], "start_line": 532}, "_handle_dashboard": {"executed_lines": [], "summary": {"covered_lines": 0, "num_statements": 14, "percent_covered": 0.0, "percent_covered_display": "0", "missing_lines": 14, "excluded_lines": 0, "percent_statements_covered": 0.0, "percent_statements_covered_display": "0"}, "missing_lines": [569, 571, 572, 573, 574, 575, 577, 578, 584, 590, 591, 593, 594, 596], "excluded_lines": [], "start_line": 562}, "_handle_status": {"executed_lines": [], "summary": {"covered_lines": 0, "num_statements": 29, "percent_covered": 0.0, "percent_covered_display": "0", "missing_lines": 29, "excluded_lines": 0, "percent_statements_covered": 0.0, "percent_statements_covered_display": "0"}, "missing_lines": [606, 608, 611, 612, 613, 614, 615, 616, 617, 618, 619, 620, 621, 622, 623, 624, 625, 627, 630, 631, 632, 633, 634, 639, 640, 641, 643, 644, 646], "excluded_lines": [], "start_line": 599}, "sweep_debt": {"executed_lines": [], "summary": {"covered_lines": 0, "num_statements": 34, "percent_covered": 0.0, "percent_covered_display": "0", "missing_lines": 34, "excluded_lines": 0, "percent_statements_covered": 0.0, "percent_statements_covered_display": "0"}, "missing_lines": [663, 665, 666, 667, 669, 670, 671, 672, 673, 678, 679, 680, 682, 684, 686, 687, 688, 690, 691, 694, 696, 697, 700, 701, 702, 703, 705, 706, 708, 709, 710, 714, 716, 721], "excluded_lines": [], "start_line": 661}, "init_local": {"executed_lines": [], "summary": {"covered_lines": 0, "num_statements": 41, "percent_covered": 0.0, "percent_covered_display": "0", "missing_lines": 41, "excluded_lines": 0, "percent_statements_covered": 0.0, "percent_statements_covered_display": "0"}, "missing_lines": [738, 739, 741, 742, 745, 746, 751, 754, 758, 759, 760, 761, 762, 763, 764, 765, 767, 770, 774, 777, 781, 782, 783, 784, 787, 788, 789, 791, 799, 801, 802, 803, 804, 805, 806, 808, 809, 811, 816, 817, 818], "excluded_lines": [], "start_line": 736}, "preview_dashboard": {"executed_lines": [841, 843, 844, 845, 847, 848, 849, 850, 855, 857, 858, 859], "summary": {"covered_lines": 12, "num_statements": 12, "percent_covered": 100.0, "percent_covered_display": "100", "missing_lines": 0, "excluded_lines": 0, "percent_statements_covered": 100.0, "percent_statements_covered_display": "100"}, "missing_lines": [], "excluded_lines": [], "start_line": 839}, "chronograph_recommend_actions": {"executed_lines": [882, 884, 885, 886, 887, 889, 890, 892], "summary": {"covered_lines": 8, "num_statements": 8, "percent_covered": 100.0, "percent_covered_display": "100", "missing_lines": 0, "excluded_lines": 0, "percent_statements_covered": 100.0, "percent_statements_covered_display": "100"}, "missing_lines": [], "excluded_lines": [], "start_line": 880}, "chronograph_plan_apply": {"executed_lines": [907, 909, 910, 911, 912, 914, 915, 916, 918, 919], "summary": {"covered_lines": 10, "num_statements": 10, "percent_covered": 100.0, "percent_covered_display": "100", "missing_lines": 0, "excluded_lines": 0, "percent_statements_covered": 100.0, "percent_statements_covered_display": "100"}, "missing_lines": [], "excluded_lines": [], "start_line": 905}, "chronograph_apply": {"executed_lines": [935, 937, 938, 939, 940, 941, 943, 944, 945, 946, 948, 949], "summary": {"covered_lines": 12, "num_statements": 12, "percent_covered": 100.0, "percent_covered_display": "100", "missing_lines": 0, "excluded_lines": 0, "percent_statements_covered": 100.0, "percent_statements_covered_display": "100"}, "missing_lines": [], "excluded_lines": [], "start_line": 933}, "main": {"executed_lines": [], "summary": {"covered_lines": 0, "num_statements": 1, "percent_covered": 0.0, "percent_covered_display": "0", "missing_lines": 1, "excluded_lines": 0, "percent_statements_covered": 0.0, "percent_statements_covered_display": "0"}, "missing_lines": [963], "excluded_lines": [], "start_line": 961}, "": {"executed_lines": [8, 10, 11, 12, 13, 14, 15, 17, 18, 20, 21, 22, 23, 37, 40, 51, 109, 144, 152, 158, 195, 258, 259, 268, 269, 275, 281, 356, 357, 363, 369, 418, 441, 470, 532, 562, 599, 654, 655, 661, 729, 730, 736, 826, 827, 833, 839, 867, 868, 874, 880, 898, 899, 905, 926, 927, 933, 961], "summary": {"covered_lines": 58, "num_statements": 58, "percent_covered": 100.0, "percent_covered_display": "100", "missing_lines": 0, "excluded_lines": 0, "percent_statements_covered": 100.0, "percent_statements_covered_display": "100"}, "missing_lines": [], "excluded_lines": [], "start_line": 1}}, "classes": {"": {"executed_lines": [8, 10, 11, 12, 13, 14, 15, 17, 18, 20, 21, 22, 23, 37, 40, 51, 60, 61, 62, 63, 69, 70, 72, 77, 78, 79, 81, 82, 83, 87, 89, 90, 95, 96, 106, 109, 144, 152, 158, 171, 172, 173, 174, 176, 177, 181, 183, 184, 185, 187, 188, 190, 192, 195, 197, 199, 204, 206, 214, 215, 223, 230, 231, 232, 235, 236, 237, 238, 239, 242, 243, 244, 247, 250, 258, 259, 268, 269, 275, 281, 284, 286, 287, 288, 290, 291, 294, 295, 296, 298, 301, 302, 305, 308, 311, 321, 322, 323, 330, 331, 334, 337, 340, 341, 342, 345, 346, 348, 356, 357, 363, 369, 418, 441, 470, 532, 562, 599, 654, 655, 661, 729, 730, 736, 826, 827, 833, 839, 841, 843, 844, 845, 847, 848, 849, 850, 855, 857, 858, 859, 867, 868, 874, 880, 882, 884, 885, 886, 887, 889, 890, 892, 898, 899, 905, 907, 909, 910, 911, 912, 914, 915, 916, 918, 919, 926, 927, 933, 935, 937, 938, 939, 940, 941, 943, 944, 945, 946, 948, 949, 961], "summary": {"covered_lines": 181, "num_statements": 405, "percent_covered": 44.69135802469136, "percent_covered_display": "45", "missing_lines": 224, "excluded_lines": 0, "percent_statements_covered": 44.69135802469136, "percent_statements_covered_display": "45"}, "missing_lines": [42, 43, 44, 45, 46, 47, 48, 73, 118, 120, 121, 122, 123, 124, 125, 129, 136, 146, 147, 148, 149, 154, 155, 216, 217, 218, 219, 220, 224, 225, 226, 227, 248, 371, 372, 374, 375, 377, 378, 379, 380, 382, 383, 385, 386, 388, 397, 398, 399, 404, 405, 407, 408, 410, 425, 435, 436, 438, 448, 449, 450, 451, 458, 459, 464, 465, 467, 477, 478, 482, 483, 485, 486, 488, 489, 490, 492, 493, 494, 500, 506, 514, 515, 517, 523, 524, 526, 527, 529, 539, 541, 542, 543, 544, 547, 548, 549, 550, 551, 552, 553, 554, 556, 557, 559, 569, 571, 572, 573, 574, 575, 577, 578, 584, 590, 591, 593, 594, 596, 606, 608, 611, 612, 613, 614, 615, 616, 617, 618, 619, 620, 621, 622, 623, 624, 625, 627, 630, 631, 632, 633, 634, 639, 640, 641, 643, 644, 646, 663, 665, 666, 667, 669, 670, 671, 672, 673, 678, 679, 680, 682, 684, 686, 687, 688, 690, 691, 694, 696, 697, 700, 701, 702, 703, 705, 706, 708, 709, 710, 714, 716, 721, 738, 739, 741, 742, 745, 746, 751, 754, 758, 759, 760, 761, 762, 763, 764, 765, 767, 770, 774, 777, 781, 782, 783, 784, 787, 788, 789, 791, 799, 801, 802, 803, 804, 805, 806, 808, 809, 811, 816, 817, 818, 963], "excluded_lines": [], "start_line": 1}}}, "guardian/dashboard.py": {"executed_lines": [15, 17, 18, 19, 21, 23, 24, 25, 35, 38, 39, 51, 54, 55, 58, 59, 67, 74, 75, 82, 84, 88, 90, 91, 92, 94, 95, 97, 98, 99, 100, 103, 104, 105, 106, 110, 118, 131, 133, 138, 139, 142, 144, 146, 147, 148, 150, 151, 152, 154, 156, 157, 158, 159, 160, 161, 163, 167, 170, 171, 172, 174, 182, 199, 210, 211, 213, 219, 220, 222, 223, 224, 225, 226, 228, 236, 251, 252, 258, 259, 261, 262, 264, 265, 266, 270, 271, 272, 273, 274, 275, 278, 279, 280, 281, 282, 284, 285, 286, 287, 289, 297, 304, 305, 306, 308, 309, 310, 311, 313, 315, 316, 317, 328, 329, 337, 339, 344, 345, 346, 347, 348, 351, 354, 356, 357, 358, 359, 360, 361, 362, 363], "summary": {"covered_lines": 132, "num_statements": 141, "percent_covered": 93.61702127659575, "percent_covered_display": "94", "missing_lines": 9, "excluded_lines": 0, "percent_statements_covered": 93.61702127659575, "percent_statements_covered_display": "94"}, "missing_lines": [101, 108, 164, 165, 166, 349, 350, 364, 365], "excluded_lines": [], "functions": {"_jinja_env": {"executed_lines": [39], "summary": {"covered_lines": 1, "num_statements": 1, "percent_covered": 100.0, "percent_covered_display": "100", "missing_lines": 0, "excluded_lines": 0, "percent_statements_covered": 100.0, "percent_statements_covered_display": "100"}, "missing_lines": [], "excluded_lines": [], "start_line": 38}, "_mermaid_safe": {"executed_lines": [54, 55], "summary": {"covered_lines": 2, "num_statements": 2, "percent_covered": 100.0, "percent_covered_display": "100", "missing_lines": 0, "excluded_lines": 0, "percent_statements_covered": 100.0, "percent_statements_covered_display": "100"}, "missing_lines": [], "excluded_lines": [], "start_line": 51}, "_today_str": {"executed_lines": [59], "summary": {"covered_lines": 1, "num_statements": 1, "percent_covered": 100.0, "percent_covered_display": "100", "missing_lines": 0, "excluded_lines": 0, "percent_statements_covered": 100.0, "percent_statements_covered_display": "100"}, "missing_lines": [], "excluded_lines": [], "start_line": 58}, "generate_gantt": {"executed_lines": [74, 75, 82, 84, 88, 90, 91, 92, 94, 95, 97, 98, 99, 100, 103, 104, 105, 106, 110], "summary": {"covered_lines": 19, "num_statements": 21, "percent_covered": 90.47619047619048, "percent_covered_display": "90", "missing_lines": 2, "excluded_lines": 0, "percent_statements_covered": 90.47619047619048, "percent_statements_covered_display": "90"}, "missing_lines": [101, 108], "excluded_lines": [], "start_line": 67}, "generate_gitgraph": {"executed_lines": [131, 133, 138, 139, 142, 144, 146, 147, 148, 150, 151, 152, 154, 156, 157, 158, 159, 160, 161, 163, 167, 170, 171, 172, 174], "summary": {"covered_lines": 25, "num_statements": 28, "percent_covered": 89.28571428571429, "percent_covered_display": "89", "missing_lines": 3, "excluded_lines": 0, "percent_statements_covered": 89.28571428571429, "percent_statements_covered_display": "89"}, "missing_lines": [164, 165, 166], "excluded_lines": [], "start_line": 118}, "generate_quadrant": {"executed_lines": [199, 210, 211, 213, 219, 220, 222, 223, 224, 225, 226, 228], "summary": {"covered_lines": 12, "num_statements": 12, "percent_covered": 100.0, "percent_covered_display": "100", "missing_lines": 0, "excluded_lines": 0, "percent_statements_covered": 100.0, "percent_statements_covered_display": "100"}, "missing_lines": [], "excluded_lines": [], "start_line": 182}, "generate_mindmap": {"executed_lines": [251, 252, 258, 259, 261, 262, 264, 265, 266, 270, 271, 272, 273, 274, 275, 278, 279, 280, 281, 282, 284, 285, 286, 287, 289], "summary": {"covered_lines": 25, "num_statements": 25, "percent_covered": 100.0, "percent_covered_display": "100", "missing_lines": 0, "excluded_lines": 0, "percent_statements_covered": 100.0, "percent_statements_covered_display": "100"}, "missing_lines": [], "excluded_lines": [], "start_line": 236}, "render_dashboard": {"executed_lines": [304, 305, 306, 308, 309, 310, 311, 313, 315, 316, 317, 328, 329], "summary": {"covered_lines": 13, "num_statements": 13, "percent_covered": 100.0, "percent_covered_display": "100", "missing_lines": 0, "excluded_lines": 0, "percent_statements_covered": 100.0, "percent_statements_covered_display": "100"}, "missing_lines": [], "excluded_lines": [], "start_line": 297}, "_load_all_sagas": {"executed_lines": [339, 344, 345, 346, 347, 348, 351], "summary": {"covered_lines": 7, "num_statements": 9, "percent_covered": 77.77777777777777, "percent_covered_display": "78", "missing_lines": 2, "excluded_lines": 0, "percent_statements_covered": 77.77777777777777, "percent_statements_covered_display": "78"}, "missing_lines": [349, 350], "excluded_lines": [], "start_line": 337}, "_load_drift_events": {"executed_lines": [356, 357, 358, 359, 360, 361, 362, 363], "summary": {"covered_lines": 8, "num_statements": 10, "percent_covered": 80.0, "percent_covered_display": "80", "missing_lines": 2, "excluded_lines": 0, "percent_statements_covered": 80.0, "percent_statements_covered_display": "80"}, "missing_lines": [364, 365], "excluded_lines": [], "start_line": 354}, "": {"executed_lines": [15, 17, 18, 19, 21, 23, 24, 25, 35, 38, 51, 58, 67, 118, 182, 236, 297, 337, 354], "summary": {"covered_lines": 19, "num_statements": 19, "percent_covered": 100.0, "percent_covered_display": "100", "missing_lines": 0, "excluded_lines": 0, "percent_statements_covered": 100.0, "percent_statements_covered_display": "100"}, "missing_lines": [], "excluded_lines": [], "start_line": 1}}, "classes": {"": {"executed_lines": [15, 17, 18, 19, 21, 23, 24, 25, 35, 38, 39, 51, 54, 55, 58, 59, 67, 74, 75, 82, 84, 88, 90, 91, 92, 94, 95, 97, 98, 99, 100, 103, 104, 105, 106, 110, 118, 131, 133, 138, 139, 142, 144, 146, 147, 148, 150, 151, 152, 154, 156, 157, 158, 159, 160, 161, 163, 167, 170, 171, 172, 174, 182, 199, 210, 211, 213, 219, 220, 222, 223, 224, 225, 226, 228, 236, 251, 252, 258, 259, 261, 262, 264, 265, 266, 270, 271, 272, 273, 274, 275, 278, 279, 280, 281, 282, 284, 285, 286, 287, 289, 297, 304, 305, 306, 308, 309, 310, 311, 313, 315, 316, 317, 328, 329, 337, 339, 344, 345, 346, 347, 348, 351, 354, 356, 357, 358, 359, 360, 361, 362, 363], "summary": {"covered_lines": 132, "num_statements": 141, "percent_covered": 93.61702127659575, "percent_covered_display": "94", "missing_lines": 9, "excluded_lines": 0, "percent_statements_covered": 93.61702127659575, "percent_statements_covered_display": "94"}, "missing_lines": [101, 108, 164, 165, 166, 349, 350, 364, 365], "excluded_lines": [], "start_line": 1}}}, "guardian/github_io.py": {"executed_lines": [8, 10, 11, 12, 13, 14, 16, 17, 18, 21, 22, 29, 30, 31, 32, 38, 39, 47, 48, 49, 51, 52, 53, 57, 58, 60, 62, 63, 64, 65, 67, 80, 85, 86, 87, 95, 101, 102, 104, 105, 106, 107, 108, 110, 111, 119, 124, 125, 127, 128], "summary": {"covered_lines": 50, "num_statements": 51, "percent_covered": 98.03921568627452, "percent_covered_display": "98", "missing_lines": 1, "excluded_lines": 0, "percent_statements_covered": 98.03921568627452, "percent_statements_covered_display": "98"}, "missing_lines": [55], "excluded_lines": [], "functions": {"GitHubContext.from_env": {"executed_lines": [47, 48, 49, 51, 52, 53, 57, 58, 60, 62, 63, 64, 65, 67], "summary": {"covered_lines": 14, "num_statements": 15, "percent_covered": 93.33333333333333, "percent_covered_display": "93", "missing_lines": 1, "excluded_lines": 0, "percent_statements_covered": 93.33333333333333, "percent_statements_covered_display": "93"}, "missing_lines": [55], "excluded_lines": [], "start_line": 39}, "post_pr_comment": {"executed_lines": [85, 86, 87], "summary": {"covered_lines": 3, "num_statements": 3, "percent_covered": 100.0, "percent_covered_display": "100", "missing_lines": 0, "excluded_lines": 0, "percent_statements_covered": 100.0, "percent_statements_covered_display": "100"}, "missing_lines": [], "excluded_lines": [], "start_line": 80}, "get_pr_diff": {"executed_lines": [101, 102, 104, 105, 106, 107, 108, 110, 111], "summary": {"covered_lines": 9, "num_statements": 9, "percent_covered": 100.0, "percent_covered_display": "100", "missing_lines": 0, "excluded_lines": 0, "percent_statements_covered": 100.0, "percent_statements_covered_display": "100"}, "missing_lines": [], "excluded_lines": [], "start_line": 95}, "get_pr_meta": {"executed_lines": [124, 125, 127, 128], "summary": {"covered_lines": 4, "num_statements": 4, "percent_covered": 100.0, "percent_covered_display": "100", "missing_lines": 0, "excluded_lines": 0, "percent_statements_covered": 100.0, "percent_statements_covered_display": "100"}, "missing_lines": [], "excluded_lines": [], "start_line": 119}, "": {"executed_lines": [8, 10, 11, 12, 13, 14, 16, 17, 18, 21, 22, 29, 30, 31, 32, 38, 39, 80, 95, 119], "summary": {"covered_lines": 20, "num_statements": 20, "percent_covered": 100.0, "percent_covered_display": "100", "missing_lines": 0, "excluded_lines": 0, "percent_statements_covered": 100.0, "percent_statements_covered_display": "100"}, "missing_lines": [], "excluded_lines": [], "start_line": 1}}, "classes": {"GitHubContext": {"executed_lines": [47, 48, 49, 51, 52, 53, 57, 58, 60, 62, 63, 64, 65, 67], "summary": {"covered_lines": 14, "num_statements": 15, "percent_covered": 93.33333333333333, "percent_covered_display": "93", "missing_lines": 1, "excluded_lines": 0, "percent_statements_covered": 93.33333333333333, "percent_statements_covered_display": "93"}, "missing_lines": [55], "excluded_lines": [], "start_line": 22}, "": {"executed_lines": [8, 10, 11, 12, 13, 14, 16, 17, 18, 21, 22, 29, 30, 31, 32, 38, 39, 80, 85, 86, 87, 95, 101, 102, 104, 105, 106, 107, 108, 110, 111, 119, 124, 125, 127, 128], "summary": {"covered_lines": 36, "num_statements": 36, "percent_covered": 100.0, "percent_covered_display": "100", "missing_lines": 0, "excluded_lines": 0, "percent_statements_covered": 100.0, "percent_statements_covered_display": "100"}, "missing_lines": [], "excluded_lines": [], "start_line": 1}}}, "guardian/governance.py": {"executed_lines": [21, 23, 24, 25, 27, 44, 45, 46, 47, 50, 58, 59, 62, 64, 66, 69, 70, 71, 72, 73, 76, 79, 80, 83, 84, 85, 86, 87, 90, 93, 94, 97, 99, 116, 118, 131, 142, 143, 158, 188, 189, 191, 200, 201, 202, 204, 212, 244, 245, 246, 248, 260, 261, 262, 264, 272, 298, 299, 301, 302, 303, 305, 306, 308, 310, 312, 313, 314, 316, 317, 318, 319, 320, 321, 323, 328, 340, 381, 382, 383, 384, 385, 386, 387, 388, 390, 393, 409, 410, 411, 419, 451, 452, 454, 455, 456, 457, 458, 459, 460, 466, 467, 468, 470], "summary": {"covered_lines": 104, "num_statements": 111, "percent_covered": 93.69369369369369, "percent_covered_display": "94", "missing_lines": 7, "excluded_lines": 2, "percent_statements_covered": 93.69369369369369, "percent_statements_covered_display": "94"}, "missing_lines": [65, 74, 75, 88, 89, 132, 326], "excluded_lines": [36, 38], "functions": {"_now_utc": {"executed_lines": [59], "summary": {"covered_lines": 1, "num_statements": 1, "percent_covered": 100.0, "percent_covered_display": "100", "missing_lines": 0, "excluded_lines": 0, "percent_statements_covered": 100.0, "percent_statements_covered_display": "100"}, "missing_lines": [], "excluded_lines": [], "start_line": 58}, "_ensure_aware": {"executed_lines": [64, 66], "summary": {"covered_lines": 2, "num_statements": 3, "percent_covered": 66.66666666666667, "percent_covered_display": "67", "missing_lines": 1, "excluded_lines": 0, "percent_statements_covered": 66.66666666666667, "percent_statements_covered_display": "67"}, "missing_lines": [65], "excluded_lines": [], "start_line": 62}, "_load_drift_ledger": {"executed_lines": [70, 71, 72, 73, 76], "summary": {"covered_lines": 5, "num_statements": 7, "percent_covered": 71.42857142857143, "percent_covered_display": "71", "missing_lines": 2, "excluded_lines": 0, "percent_statements_covered": 71.42857142857143, "percent_statements_covered_display": "71"}, "missing_lines": [74, 75], "excluded_lines": [], "start_line": 69}, "_save_drift_ledger": {"executed_lines": [80], "summary": {"covered_lines": 1, "num_statements": 1, "percent_covered": 100.0, "percent_covered_display": "100", "missing_lines": 0, "excluded_lines": 0, "percent_statements_covered": 100.0, "percent_statements_covered_display": "100"}, "missing_lines": [], "excluded_lines": [], "start_line": 79}, "_load_debt_timers": {"executed_lines": [84, 85, 86, 87, 90], "summary": {"covered_lines": 5, "num_statements": 7, "percent_covered": 71.42857142857143, "percent_covered_display": "71", "missing_lines": 2, "excluded_lines": 0, "percent_statements_covered": 71.42857142857143, "percent_statements_covered_display": "71"}, "missing_lines": [88, 89], "excluded_lines": [], "start_line": 83}, "_save_debt_timers": {"executed_lines": [94], "summary": {"covered_lines": 1, "num_statements": 1, "percent_covered": 100.0, "percent_covered_display": "100", "missing_lines": 0, "excluded_lines": 0, "percent_statements_covered": 100.0, "percent_statements_covered_display": "100"}, "missing_lines": [], "excluded_lines": [], "start_line": 93}, "_timer_from_dict": {"executed_lines": [99], "summary": {"covered_lines": 1, "num_statements": 1, "percent_covered": 100.0, "percent_covered_display": "100", "missing_lines": 0, "excluded_lines": 0, "percent_statements_covered": 100.0, "percent_statements_covered_display": "100"}, "missing_lines": [], "excluded_lines": [], "start_line": 97}, "_timer_to_dict": {"executed_lines": [118], "summary": {"covered_lines": 1, "num_statements": 1, "percent_covered": 100.0, "percent_covered_display": "100", "missing_lines": 0, "excluded_lines": 0, "percent_statements_covered": 100.0, "percent_statements_covered_display": "100"}, "missing_lines": [], "excluded_lines": [], "start_line": 116}, "_drift_from_dict": {"executed_lines": [], "summary": {"covered_lines": 0, "num_statements": 1, "percent_covered": 0.0, "percent_covered_display": "0", "missing_lines": 1, "excluded_lines": 0, "percent_statements_covered": 0.0, "percent_statements_covered_display": "0"}, "missing_lines": [132], "excluded_lines": [], "start_line": 131}, "_drift_to_dict": {"executed_lines": [143], "summary": {"covered_lines": 1, "num_statements": 1, "percent_covered": 100.0, "percent_covered_display": "100", "missing_lines": 0, "excluded_lines": 0, "percent_statements_covered": 100.0, "percent_statements_covered_display": "100"}, "missing_lines": [], "excluded_lines": [], "start_line": 142}, "log_drift": {"executed_lines": [188, 189, 191, 200, 201, 202, 204], "summary": {"covered_lines": 7, "num_statements": 7, "percent_covered": 100.0, "percent_covered_display": "100", "missing_lines": 0, "excluded_lines": 0, "percent_statements_covered": 100.0, "percent_statements_covered_display": "100"}, "missing_lines": [], "excluded_lines": [], "start_line": 158}, "grant_variance": {"executed_lines": [244, 245, 246, 248, 260, 261, 262, 264], "summary": {"covered_lines": 8, "num_statements": 8, "percent_covered": 100.0, "percent_covered_display": "100", "missing_lines": 0, "excluded_lines": 0, "percent_statements_covered": 100.0, "percent_statements_covered_display": "100"}, "missing_lines": [], "excluded_lines": [], "start_line": 212}, "check_debt_timers": {"executed_lines": [298, 299, 301, 302, 303, 305, 306, 308, 310, 312, 313, 314, 316, 317, 318, 319, 320, 321, 323, 328], "summary": {"covered_lines": 20, "num_statements": 21, "percent_covered": 95.23809523809524, "percent_covered_display": "95", "missing_lines": 1, "excluded_lines": 0, "percent_statements_covered": 95.23809523809524, "percent_statements_covered_display": "95"}, "missing_lines": [326], "excluded_lines": [], "start_line": 272}, "escalate_debt": {"executed_lines": [381, 382, 383, 384, 385, 386, 387, 388, 390], "summary": {"covered_lines": 9, "num_statements": 9, "percent_covered": 100.0, "percent_covered_display": "100", "missing_lines": 0, "excluded_lines": 0, "percent_statements_covered": 100.0, "percent_statements_covered_display": "100"}, "missing_lines": [], "excluded_lines": [], "start_line": 340}, "escalate_debt_result": {"executed_lines": [409, 410, 411], "summary": {"covered_lines": 3, "num_statements": 3, "percent_covered": 100.0, "percent_covered_display": "100", "missing_lines": 0, "excluded_lines": 0, "percent_statements_covered": 100.0, "percent_statements_covered_display": "100"}, "missing_lines": [], "excluded_lines": [], "start_line": 393}, "resolve_debt": {"executed_lines": [451, 452, 454, 455, 456, 457, 458, 459, 460, 466, 467, 468, 470], "summary": {"covered_lines": 13, "num_statements": 13, "percent_covered": 100.0, "percent_covered_display": "100", "missing_lines": 0, "excluded_lines": 0, "percent_statements_covered": 100.0, "percent_statements_covered_display": "100"}, "missing_lines": [], "excluded_lines": [], "start_line": 419}, "": {"executed_lines": [21, 23, 24, 25, 27, 44, 45, 46, 47, 50, 58, 62, 69, 79, 83, 93, 97, 116, 131, 142, 158, 212, 272, 340, 393, 419], "summary": {"covered_lines": 26, "num_statements": 26, "percent_covered": 100.0, "percent_covered_display": "100", "missing_lines": 0, "excluded_lines": 2, "percent_statements_covered": 100.0, "percent_statements_covered_display": "100"}, "missing_lines": [], "excluded_lines": [36, 38], "start_line": 1}}, "classes": {"": {"executed_lines": [21, 23, 24, 25, 27, 44, 45, 46, 47, 50, 58, 59, 62, 64, 66, 69, 70, 71, 72, 73, 76, 79, 80, 83, 84, 85, 86, 87, 90, 93, 94, 97, 99, 116, 118, 131, 142, 143, 158, 188, 189, 191, 200, 201, 202, 204, 212, 244, 245, 246, 248, 260, 261, 262, 264, 272, 298, 299, 301, 302, 303, 305, 306, 308, 310, 312, 313, 314, 316, 317, 318, 319, 320, 321, 323, 328, 340, 381, 382, 383, 384, 385, 386, 387, 388, 390, 393, 409, 410, 411, 419, 451, 452, 454, 455, 456, 457, 458, 459, 460, 466, 467, 468, 470], "summary": {"covered_lines": 104, "num_statements": 111, "percent_covered": 93.69369369369369, "percent_covered_display": "94", "missing_lines": 7, "excluded_lines": 2, "percent_statements_covered": 93.69369369369369, "percent_statements_covered_display": "94"}, "missing_lines": [65, 74, 75, 88, 89, 132, 326], "excluded_lines": [36, 38], "start_line": 1}}}, "guardian/linear.py": {"executed_lines": [3, 5, 6, 7, 8, 9, 10, 12, 15, 19, 22, 23, 24, 25, 26, 27, 28, 29, 30, 31, 34, 37, 38, 39, 40, 43, 45, 46, 47, 50, 51, 54, 57, 59, 60, 61, 64, 87, 88, 89, 93, 96, 97, 98, 99, 106, 113, 114, 115, 116, 118, 119, 120, 121, 122, 126, 138, 147, 152, 153, 155, 156, 157, 159, 160, 163, 171, 190], "summary": {"covered_lines": 68, "num_statements": 89, "percent_covered": 76.40449438202248, "percent_covered_display": "76", "missing_lines": 21, "excluded_lines": 0, "percent_statements_covered": 76.40449438202248, "percent_statements_covered_display": "76"}, "missing_lines": [62, 66, 67, 77, 78, 79, 80, 81, 82, 83, 84, 85, 90, 91, 94, 101, 102, 103, 104, 158, 161], "excluded_lines": [], "functions": {"normalize_markdown": {"executed_lines": [45, 46, 47], "summary": {"covered_lines": 3, "num_statements": 3, "percent_covered": 100.0, "percent_covered_display": "100", "missing_lines": 0, "excluded_lines": 0, "percent_statements_covered": 100.0, "percent_statements_covered_display": "100"}, "missing_lines": [], "excluded_lines": [], "start_line": 43}, "_sha256": {"executed_lines": [51], "summary": {"covered_lines": 1, "num_statements": 1, "percent_covered": 100.0, "percent_covered_display": "100", "missing_lines": 0, "excluded_lines": 0, "percent_statements_covered": 100.0, "percent_statements_covered_display": "100"}, "missing_lines": [], "excluded_lines": [], "start_line": 50}, "LinearClient.__init__": {"executed_lines": [60, 61], "summary": {"covered_lines": 2, "num_statements": 3, "percent_covered": 66.66666666666667, "percent_covered_display": "67", "missing_lines": 1, "excluded_lines": 0, "percent_statements_covered": 66.66666666666667, "percent_statements_covered_display": "67"}, "missing_lines": [62], "excluded_lines": [], "start_line": 59}, "LinearClient.graphql": {"executed_lines": [], "summary": {"covered_lines": 0, "num_statements": 11, "percent_covered": 0.0, "percent_covered_display": "0", "missing_lines": 11, "excluded_lines": 0, "percent_statements_covered": 0.0, "percent_statements_covered_display": "0"}, "missing_lines": [66, 67, 77, 78, 79, 80, 81, 82, 83, 84, 85], "excluded_lines": [], "start_line": 64}, "LinearClient._parse_response": {"executed_lines": [88, 89, 93, 96, 97, 98, 99], "summary": {"covered_lines": 7, "num_statements": 14, "percent_covered": 50.0, "percent_covered_display": "50", "missing_lines": 7, "excluded_lines": 0, "percent_statements_covered": 50.0, "percent_statements_covered_display": "50"}, "missing_lines": [90, 91, 94, 101, 102, 103, 104], "excluded_lines": [], "start_line": 87}, "LinearClient.fetch_document": {"executed_lines": [113, 114, 115, 116, 118, 119, 120, 121, 122, 126], "summary": {"covered_lines": 10, "num_statements": 10, "percent_covered": 100.0, "percent_covered_display": "100", "missing_lines": 0, "excluded_lines": 0, "percent_statements_covered": 100.0, "percent_statements_covered_display": "100"}, "missing_lines": [], "excluded_lines": [], "start_line": 106}, "LinearClient.create_issue": {"executed_lines": [147, 152, 153, 155, 156, 157, 159, 160, 163], "summary": {"covered_lines": 9, "num_statements": 11, "percent_covered": 81.81818181818181, "percent_covered_display": "82", "missing_lines": 2, "excluded_lines": 0, "percent_statements_covered": 81.81818181818181, "percent_statements_covered_display": "82"}, "missing_lines": [158, 161], "excluded_lines": [], "start_line": 138}, "": {"executed_lines": [3, 5, 6, 7, 8, 9, 10, 12, 15, 19, 22, 23, 24, 25, 26, 27, 28, 29, 30, 31, 34, 37, 38, 39, 40, 43, 50, 54, 57, 59, 64, 87, 106, 138, 171, 190], "summary": {"covered_lines": 36, "num_statements": 36, "percent_covered": 100.0, "percent_covered_display": "100", "missing_lines": 0, "excluded_lines": 0, "percent_statements_covered": 100.0, "percent_statements_covered_display": "100"}, "missing_lines": [], "excluded_lines": [], "start_line": 1}}, "classes": {"LinearAPIError": {"executed_lines": [], "summary": {"covered_lines": 0, "num_statements": 0, "percent_covered": 100.0, "percent_covered_display": "100", "missing_lines": 0, "excluded_lines": 0, "percent_statements_covered": 100.0, "percent_statements_covered_display": "100"}, "missing_lines": [], "excluded_lines": [], "start_line": 15}, "LinearDocumentSnapshot": {"executed_lines": [], "summary": {"covered_lines": 0, "num_statements": 0, "percent_covered": 100.0, "percent_covered_display": "100", "missing_lines": 0, "excluded_lines": 0, "percent_statements_covered": 100.0, "percent_statements_covered_display": "100"}, "missing_lines": [], "excluded_lines": [], "start_line": 19}, "LinearIssue": {"executed_lines": [], "summary": {"covered_lines": 0, "num_statements": 0, "percent_covered": 100.0, "percent_covered_display": "100", "missing_l
[...]
cent_statements_covered_display": "100"}, "missing_lines": [], "excluded_lines": [], "start_line": 42}, "NorthStar": {"executed_lines": [], "summary": {"covered_lines": 0, "num_statements": 0, "percent_covered": 100.0, "percent_covered_display": "100", "missing_lines": 0, "excluded_lines": 0, "percent_statements_covered": 100.0, "percent_statements_covered_display": "100"}, "missing_lines": [], "excluded_lines": [], "start_line": 51}, "Amendment": {"executed_lines": [], "summary": {"covered_lines": 0, "num_statements": 0, "percent_covered": 100.0, "percent_covered_display": "100", "missing_lines": 0, "excluded_lines": 0, "percent_statements_covered": 100.0, "percent_statements_covered_display": "100"}, "missing_lines": [], "excluded_lines": [], "start_line": 64}, "Verdict": {"executed_lines": [], "summary": {"covered_lines": 0, "num_statements": 0, "percent_covered": 100.0, "percent_covered_display": "100", "missing_lines": 0, "excluded_lines": 0, "percent_statements_covered": 100.0, "percent_statements_covered_display": "100"}, "missing_lines": [], "excluded_lines": [], "start_line": 81}, "FileChange": {"executed_lines": [], "summary": {"covered_lines": 0, "num_statements": 0, "percent_covered": 100.0, "percent_covered_display": "100", "missing_lines": 0, "excluded_lines": 0, "percent_statements_covered": 100.0, "percent_statements_covered_display": "100"}, "missing_lines": [], "excluded_lines": [], "start_line": 87}, "DiffAnalysis": {"executed_lines": [], "summary": {"covered_lines": 0, "num_statements": 0, "percent_covered": 100.0, "percent_covered_display": "100", "missing_lines": 0, "excluded_lines": 0, "percent_statements_covered": 100.0, "percent_statements_covered_display": "100"}, "missing_lines": [], "excluded_lines": [], "start_line": 96}, "PrincipleEvaluation": {"executed_lines": [], "summary": {"covered_lines": 0, "num_statements": 0, "percent_covered": 100.0, "percent_covered_display": "100", "missing_lines": 0, "excluded_lines": 0, "percent_statements_covered": 100.0, "percent_statements_covered_display": "100"}, "missing_lines": [], "excluded_lines": [], "start_line": 110}, "AntiPatternMatch": {"executed_lines": [], "summary": {"covered_lines": 0, "num_statements": 0, "percent_covered": 100.0, "percent_covered_display": "100", "missing_lines": 0, "excluded_lines": 0, "percent_statements_covered": 100.0, "percent_statements_covered_display": "100"}, "missing_lines": [], "excluded_lines": [], "start_line": 120}, "IntentSummary": {"executed_lines": [], "summary": {"covered_lines": 0, "num_statements": 0, "percent_covered": 100.0, "percent_covered_display": "100", "missing_lines": 0, "excluded_lines": 0, "percent_statements_covered": 100.0, "percent_statements_covered_display": "100"}, "missing_lines": [], "excluded_lines": [], "start_line": 126}, "VarianceTag": {"executed_lines": [], "summary": {"covered_lines": 0, "num_statements": 0, "percent_covered": 100.0, "percent_covered_display": "100", "missing_lines": 0, "excluded_lines": 0, "percent_statements_covered": 100.0, "percent_statements_covered_display": "100"}, "missing_lines": [], "excluded_lines": [], "start_line": 134}, "InterviewReport": {"executed_lines": [], "summary": {"covered_lines": 0, "num_statements": 0, "percent_covered": 100.0, "percent_covered_display": "100", "missing_lines": 0, "excluded_lines": 0, "percent_statements_covered": 100.0, "percent_statements_covered_display": "100"}, "missing_lines": [], "excluded_lines": [], "start_line": 143}, "SagaStatus": {"executed_lines": [], "summary": {"covered_lines": 0, "num_statements": 0, "percent_covered": 100.0, "percent_covered_display": "100", "missing_lines": 0, "excluded_lines": 0, "percent_statements_covered": 100.0, "percent_statements_covered_display": "100"}, "missing_lines": [], "excluded_lines": [], "start_line": 163}, "Saga": {"executed_lines": [], "summary": {"covered_lines": 0, "num_statements": 0, "percent_covered": 100.0, "percent_covered_display": "100", "missing_lines": 0, "excluded_lines": 0, "percent_statements_covered": 100.0, "percent_statements_covered_display": "100"}, "missing_lines": [], "excluded_lines": [], "start_line": 169}, "JournalEntry": {"executed_lines": [], "summary": {"covered_lines": 0, "num_statements": 0, "percent_covered": 100.0, "percent_covered_display": "100", "missing_lines": 0, "excluded_lines": 0, "percent_statements_covered": 100.0, "percent_statements_covered_display": "100"}, "missing_lines": [], "excluded_lines": [], "start_line": 179}, "DriftSeverity": {"executed_lines": [], "summary": {"covered_lines": 0, "num_statements": 0, "percent_covered": 100.0, "percent_covered_display": "100", "missing_lines": 0, "excluded_lines": 0, "percent_statements_covered": 100.0, "percent_statements_covered_display": "100"}, "missing_lines": [], "excluded_lines": [], "start_line": 192}, "DriftEvent": {"executed_lines": [], "summary": {"covered_lines": 0, "num_statements": 0, "percent_covered": 100.0, "percent_covered_display": "100", "missing_lines": 0, "excluded_lines": 0, "percent_statements_covered": 100.0, "percent_statements_covered_display": "100"}, "missing_lines": [], "excluded_lines": [], "start_line": 198}, "DebtLevel": {"executed_lines": [], "summary": {"covered_lines": 0, "num_statements": 0, "percent_covered": 100.0, "percent_covered_display": "100", "missing_lines": 0, "excluded_lines": 0, "percent_statements_covered": 100.0, "percent_statements_covered_display": "100"}, "missing_lines": [], "excluded_lines": [], "start_line": 207}, "DebtTimer": {"executed_lines": [], "summary": {"covered_lines": 0, "num_statements": 0, "percent_covered": 100.0, "percent_covered_display": "100", "missing_lines": 0, "excluded_lines": 0, "percent_statements_covered": 100.0, "percent_statements_covered_display": "100"}, "missing_lines": [], "excluded_lines": [], "start_line": 214}, "NorthStarConfig": {"executed_lines": [], "summary": {"covered_lines": 0, "num_statements": 0, "percent_covered": 100.0, "percent_covered_display": "100", "missing_lines": 0, "excluded_lines": 0, "percent_statements_covered": 100.0, "percent_statements_covered_display": "100"}, "missing_lines": [], "excluded_lines": [], "start_line": 231}, "LinearConfig": {"executed_lines": [], "summary": {"covered_lines": 0, "num_statements": 0, "percent_covered": 100.0, "percent_covered_display": "100", "missing_lines": 0, "excluded_lines": 0, "percent_statements_covered": 100.0, "percent_statements_covered_display": "100"}, "missing_lines": [], "excluded_lines": [], "start_line": 239}, "GuardianConfig": {"executed_lines": [], "summary": {"covered_lines": 0, "num_statements": 0, "percent_covered": 100.0, "percent_covered_display": "100", "missing_lines": 0, "excluded_lines": 0, "percent_statements_covered": 100.0, "percent_statements_covered_display": "100"}, "missing_lines": [], "excluded_lines": [], "start_line": 249}, "": {"executed_lines": [19, 21, 22, 23, 25, 32, 35, 36, 37, 38, 39, 42, 45, 46, 47, 48, 51, 54, 55, 56, 57, 58, 59, 60, 61, 64, 67, 68, 69, 70, 71, 72, 73, 81, 82, 83, 84, 87, 88, 89, 90, 91, 92, 93, 96, 99, 100, 101, 102, 103, 104, 105, 106, 107, 110, 113, 114, 115, 116, 117, 120, 121, 122, 123, 126, 129, 130, 131, 134, 137, 138, 139, 140, 143, 146, 147, 148, 149, 150, 151, 152, 153, 154, 155, 163, 164, 165, 166, 169, 170, 171, 172, 173, 174, 175, 176, 179, 180, 181, 182, 183, 184, 192, 193, 194, 195, 198, 199, 200, 201, 202, 203, 204, 207, 208, 209, 210, 211, 214, 215, 216, 217, 218, 219, 220, 221, 222, 223, 231, 234, 235, 236, 239, 242, 243, 244, 245, 246, 249, 252, 253, 254, 255, 256, 257, 265, 266], "summary": {"covered_lines": 147, "num_statements": 147, "percent_covered": 100.0, "percent_covered_display": "100", "missing_lines": 0, "excluded_lines": 0, "percent_statements_covered": 100.0, "percent_statements_covered_display": "100"}, "missing_lines": [], "excluded_lines": [], "start_line": 1}}}, "guardian/north_star.py": {"executed_lines": [7, 9, 10, 11, 12, 13, 14, 15, 17, 19, 20, 23, 24, 25, 32, 35, 37, 38, 39, 41, 43, 55, 56, 57, 58, 60, 63, 64, 76, 77, 88, 93, 99, 102, 103, 112, 113, 114, 117, 118, 119, 120, 121, 123, 126, 127, 128, 129, 130, 131, 132, 135, 136, 143, 144, 145, 146, 147, 150, 151, 152, 153, 154, 155, 156, 159, 160, 161, 163, 164, 165, 166, 167, 168, 169, 170, 171, 179, 181, 182, 185, 191, 199, 200, 201, 203, 204, 205, 207, 210, 222, 223, 230, 234, 236, 237, 239, 242, 249, 252, 258, 259, 260, 268, 283, 284, 285, 287, 288, 298, 299, 300, 303, 310, 311, 314, 315, 318, 319, 320, 321, 322, 328, 334, 335, 336, 337, 338, 339, 340, 341, 344, 350, 352, 353, 354, 355, 356, 362, 364, 365, 366, 368, 384, 385, 386, 388, 390, 398, 414, 415, 417, 418, 419, 420, 421, 423, 433, 434, 435, 436, 437, 439, 448, 464], "summary": {"covered_lines": 165, "num_statements": 176, "percent_covered": 93.75, "percent_covered_display": "94", "missing_lines": 11, "excluded_lines": 0, "percent_statements_covered": 93.75, "percent_statements_covered_display": "94"}, "missing_lines": [59, 122, 202, 206, 231, 238, 351, 359, 466, 472, 473], "excluded_lines": [], "functions": {"parse_north_star_markdown": {"executed_lines": [37, 38, 39, 41, 43], "summary": {"covered_lines": 5, "num_statements": 5, "percent_covered": 100.0, "percent_covered_display": "100", "missing_lines": 0, "excluded_lines": 0, "percent_statements_covered": 100.0, "percent_statements_covered_display": "100"}, "missing_lines": [], "excluded_lines": [], "start_line": 35}, "_parse_datetime": {"executed_lines": [56, 57, 58, 60], "summary": {"covered_lines": 4, "num_statements": 5, "percent_covered": 80.0, "percent_covered_display": "80", "missing_lines": 1, "excluded_lines": 0, "percent_statements_covered": 80.0, "percent_statements_covered_display": "80"}, "missing_lines": [59], "excluded_lines": [], "start_line": 55}, "_parse_principles": {"executed_lines": [64], "summary": {"covered_lines": 1, "num_statements": 1, "percent_covered": 100.0, "percent_covered_display": "100", "missing_lines": 0, "excluded_lines": 0, "percent_statements_covered": 100.0, "percent_statements_covered_display": "100"}, "missing_lines": [], "excluded_lines": [], "start_line": 63}, "_parse_anti_patterns": {"executed_lines": [77], "summary": {"covered_lines": 1, "num_statements": 1, "percent_covered": 100.0, "percent_covered_display": "100", "missing_lines": 0, "excluded_lines": 0, "percent_statements_covered": 100.0, "percent_statements_covered_display": "100"}, "missing_lines": [], "excluded_lines": [], "start_line": 76}, "render_north_star_markdown": {"executed_lines": [93, 99], "summary": {"covered_lines": 2, "num_statements": 2, "percent_covered": 100.0, "percent_covered_display": "100", "missing_lines": 0, "excluded_lines": 0, "percent_statements_covered": 100.0, "percent_statements_covered_display": "100"}, "missing_lines": [], "excluded_lines": [], "start_line": 88}, "_frontmatter_from_north_star": {"executed_lines": [103, 112, 113, 114], "summary": {"covered_lines": 4, "num_statements": 4, "percent_covered": 100.0, "percent_covered_display": "100", "missing_lines": 0, "excluded_lines": 0, "percent_statements_covered": 100.0, "percent_statements_covered_display": "100"}, "missing_lines": [], "excluded_lines": [], "start_line": 102}, "_principle_to_frontmatter": {"executed_lines": [118, 119, 120, 121, 123], "summary": {"covered_lines": 5, "num_statements": 6, "percent_covered": 83.33333333333333, "percent_covered_display": "83", "missing_lines": 1, "excluded_lines": 0, "percent_statements_covered": 83.33333333333333, "percent_statements_covered_display": "83"}, "missing_lines": [122], "excluded_lines": [], "start_line": 117}, "_anti_pattern_to_frontmatter": {"executed_lines": [127, 128, 129, 130, 131, 132], "summary": {"covered_lines": 6, "num_statements": 6, "percent_covered": 100.0, "percent_covered_display": "100", "missing_lines": 0, "excluded_lines": 0, "percent_statements_covered": 100.0, "percent_statements_covered_display": "100"}, "missing_lines": [], "excluded_lines": [], "start_line": 126}, "_body_from_north_star": {"executed_lines": [136, 143, 144, 145, 146, 147], "summary": {"covered_lines": 6, "num_statements": 6, "percent_covered": 100.0, "percent_covered_display": "100", "missing_lines": 0, "excluded_lines": 0, "percent_statements_covered": 100.0, "percent_statements_covered_display": "100"}, "missing_lines": [], "excluded_lines": [], "start_line": 135}, "_principle_body_lines": {"executed_lines": [151, 152, 153, 154, 155, 156], "summary": {"covered_lines": 6, "num_statements": 6, "percent_covered": 100.0, "percent_covered_display": "100", "missing_lines": 0, "excluded_lines": 0, "percent_statements_covered": 100.0, "percent_statements_covered_display": "100"}, "missing_lines": [], "excluded_lines": [], "start_line": 150}, "_anti_pattern_body_lines": {"executed_lines": [160, 161, 163, 164, 165, 166, 167, 168, 169, 170, 171], "summary": {"covered_lines": 11, "num_statements": 11, "percent_covered": 100.0, "percent_covered_display": "100", "missing_lines": 0, "excluded_lines": 0, "percent_statements_covered": 100.0, "percent_statements_covered_display": "100"}, "missing_lines": [], "excluded_lines": [], "start_line": 159}, "read_north_star": {"executed_lines": [181, 182], "summary": {"covered_lines": 2, "num_statements": 2, "percent_covered": 100.0, "percent_covered_display": "100", "missing_lines": 0, "excluded_lines": 0, "percent_statements_covered": 100.0, "percent_statements_covered_display": "100"}, "missing_lines": [], "excluded_lines": [], "start_line": 179}, "write_north_star": {"executed_lines": [191], "summary": {"covered_lines": 1, "num_statements": 1, "percent_covered": 100.0, "percent_covered_display": "100", "missing_lines": 0, "excluded_lines": 0, "percent_statements_covered": 100.0, "percent_statements_covered_display": "100"}, "missing_lines": [], "excluded_lines": [], "start_line": 185}, "_resolve_repo_path": {"executed_lines": [200, 201, 203, 204, 205, 207], "summary": {"covered_lines": 6, "num_statements": 8, "percent_covered": 75.0, "percent_covered_display": "75", "missing_lines": 2, "excluded_lines": 0, "percent_statements_covered": 75.0, "percent_statements_covered_display": "75"}, "missing_lines": [202, 206], "excluded_lines": [], "start_line": 199}, "read_repo_north_star_markdown": {"executed_lines": [222, 223, 230, 234, 236, 237, 239], "summary": {"covered_lines": 7, "num_statements": 9, "percent_covered": 77.77777777777777, "percent_covered_display": "78", "missing_lines": 2, "excluded_lines": 0, "percent_statements_covered": 77.77777777777777, "percent_statements_covered_display": "78"}, "missing_lines": [231, 238], "excluded_lines": [], "start_line": 210}, "read_repo_north_star": {"executed_lines": [249], "summary": {"covered_lines": 1, "num_statements": 1, "percent_covered": 100.0, "percent_covered_display": "100", "missing_lines": 0, "excluded_lines": 0, "percent_statements_covered": 100.0, "percent_statements_covered_display": "100"}, "missing_lines": [], "excluded_lines": [], "start_line": 242}, "write_repo_north_star": {"executed_lines": [258, 259, 260], "summary": {"covered_lines": 3, "num_statements": 3, "percent_covered": 100.0, "percent_covered_display": "100", "missing_lines": 0, "excluded_lines": 0, "percent_statements_covered": 100.0, "percent_statements_covered_display": "100"}, "missing_lines": [], "excluded_lines": [], "start_line": 252}, "amend_north_star": {"executed_lines": [283, 284, 285, 287, 288, 298, 299, 300], "summary": {"covered_lines": 8, "num_statements": 8, "percent_covered": 100.0, "percent_covered_display": "100", "missing_lines": 0, "excluded_lines": 0, "percent_statements_covered": 100.0, "percent_statements_covered_display": "100"}, "missing_lines": [], "excluded_lines": [], "start_line": 268}, "_apply_amendment": {"executed_lines": [310, 311, 314, 315, 318, 319, 320, 321, 322], "summary": {"covered_lines": 9, "num_statements": 9, "percent_covered": 100.0, "percent_covered_display": "100", "missing_lines": 0, "excluded_lines": 0, "percent_statements_covered": 100.0, "percent_statements_covered_display": "100"}, "missing_lines": [], "excluded_lines": [], "start_line": 303}, "_amend_principle": {"executed_lines": [334, 335, 336, 337, 338, 339, 340, 341], "summary": {"covered_lines": 8, "num_statements": 8, "percent_covered": 100.0, "percent_covered_display": "100", "missing_lines": 0, "excluded_lines": 0, "percent_statements_covered": 100.0, "percent_statements_covered_display": "100"}, "missing_lines": [], "excluded_lines": [], "start_line": 328}, "_amend_anti_pattern": {"executed_lines": [350, 352, 353, 354, 355, 356], "summary": {"covered_lines": 6, "num_statements": 8, "percent_covered": 75.0, "percent_covered_display": "75", "missing_lines": 2, "excluded_lines": 0, "percent_statements_covered": 75.0, "percent_statements_covered_display": "75"}, "missing_lines": [351, 359], "excluded_lines": [], "start_line": 344}, "append_amendment": {"executed_lines": [364, 365, 366, 368, 384, 385, 386, 388, 390], "summary": {"covered_lines": 9, "num_statements": 9, "percent_covered": 100.0, "percent_covered_display": "100", "missing_lines": 0, "excluded_lines": 0, "percent_statements_covered": 100.0, "percent_statements_covered_display": "100"}, "missing_lines": [], "excluded_lines": [], "start_line": 362}, "initialize_north_star": {"executed_lines": [414, 415, 417, 418, 419, 420, 421, 423, 433, 434, 435, 436, 437, 439, 448], "summary": {"covered_lines": 15, "num_statements": 15, "percent_covered": 100.0, "percent_covered_display": "100", "missing_lines": 0, "excluded_lines": 0, "percent_statements_covered": 100.0, "percent_statements_covered_display": "100"}, "missing_lines": [], "excluded_lines": [], "start_line": 398}, "render_north_star_template": {"executed_lines": [], "summary": {"covered_lines": 0, "num_statements": 3, "percent_covered": 0.0, "percent_covered_display": "0", "missing_lines": 3, "excluded_lines": 0, "percent_statements_covered": 0.0, "percent_statements_covered_display": "0"}, "missing_lines": [466, 472, 473], "excluded_lines": [], "start_line": 464}, "": {"executed_lines": [7, 9, 10, 11, 12, 13, 14, 15, 17, 19, 20, 23, 24, 25, 32, 35, 55, 63, 76, 88, 102, 117, 126, 135, 150, 159, 179, 185, 199, 210, 242, 252, 268, 303, 328, 344, 362, 398, 464], "summary": {"covered_lines": 39, "num_statements": 39, "percent_covered": 100.0, "percent_covered_display": "100", "missing_lines": 0, "excluded_lines": 0, "percent_statements_covered": 100.0, "percent_statements_covered_display": "100"}, "missing_lines": [], "excluded_lines": [], "start_line": 1}}, "classes": {"": {"executed_lines": [7, 9, 10, 11, 12, 13, 14, 15, 17, 19, 20, 23, 24, 25, 32, 35, 37, 38, 39, 41, 43, 55, 56, 57, 58, 60, 63, 64, 76, 77, 88, 93, 99, 102, 103, 112, 113, 114, 117, 118, 119, 120, 121, 123, 126, 127, 128, 129, 130, 131, 132, 135, 136, 143, 144, 145, 146, 147, 150, 151, 152, 153, 154, 155, 156, 159, 160, 161, 163, 164, 165, 166, 167, 168, 169, 170, 171, 179, 181, 182, 185, 191, 199, 200, 201, 203, 204, 205, 207, 210, 222, 223, 230, 234, 236, 237, 239, 242, 249, 252, 258, 259, 260, 268, 283, 284, 285, 287, 288, 298, 299, 300, 303, 310, 311, 314, 315, 318, 319, 320, 321, 322, 328, 334, 335, 336, 337, 338, 339, 340, 341, 344, 350, 352, 353, 354, 355, 356, 362, 364, 365, 366, 368, 384, 385, 386, 388, 390, 398, 414, 415, 417, 418, 419, 420, 421, 423, 433, 434, 435, 436, 437, 439, 448, 464], "summary": {"covered_lines": 165, "num_statements": 176, "percent_covered": 93.75, "percent_covered_display": "94", "missing_lines": 11, "excluded_lines": 0, "percent_statements_covered": 93.75, "percent_statements_covered_display": "94"}, "missing_lines": [59, 122, 202, 206, 231, 238, 351, 359, 466, 472, 473], "excluded_lines": [], "start_line": 1}}}}, "totals": {"covered_lines": 1600, "num_statements": 1980, "percent_covered": 80.8080808080808, "percent_covered_display": "81", "missing_lines": 380, "excluded_lines": 2, "percent_statements_covered": 80.8080808080808, "percent_statements_covered_display": "81"}}